#
# There is insufficient memory for the Java Runtime Environment to continue.
# Native memory allocation (mmap) failed to map 20971520 bytes. Error detail: G1 virtual space
# Possible reasons:
#   The system is out of physical RAM or swap space
#   This process is running with CompressedOops enabled, and the Java Heap may be blocking the growth of the native heap
# Possible solutions:
#   Reduce memory load on the system
#   Increase physical memory or swap space
#   Check if swap backing store is full
#   Decrease Java heap size (-Xmx/-Xms)
#   Decrease number of Java threads
#   Decrease Java thread stack sizes (-Xss)
#   Set larger code cache with -XX:ReservedCodeCacheSize=
#   JVM is running with Unscaled Compressed Oops mode in which the Java heap is
#     placed in the first 4GB address space. The Java Heap base address is the
#     maximum limit for the native heap growth. Please use -XX:HeapBaseMinAddress
#     to set the Java Heap base and to place the Java Heap above 4GB virtual address.
# This output file may be truncated or incomplete.
#
#  Out of Memory Error (os_windows.cpp:3925), pid=13504, tid=18892
#
# JRE version: OpenJDK Runtime Environment (21.0.8) (build 21.0.8+-14018985-b1038.68)
# Java VM: OpenJDK 64-Bit Server VM (21.0.8+-14018985-b1038.68, mixed mode, tiered, compressed oops, compressed class ptrs, g1 gc, windows-amd64)
# No core dump will be written. Minidumps are not enabled by default on client versions of Windows
#

---------------  S U M M A R Y ------------

Command Line: --add-opens=java.base/java.lang=ALL-UNNAMED --add-opens=java.base/java.lang.invoke=ALL-UNNAMED --add-opens=java.base/java.util=ALL-UNNAMED --add-opens=java.prefs/java.util.prefs=ALL-UNNAMED --add-exports=jdk.compiler/com.sun.tools.javac.api=ALL-UNNAMED --add-exports=jdk.compiler/com.sun.tools.javac.util=ALL-UNNAMED --add-opens=java.base/java.util=ALL-UNNAMED --add-opens=java.prefs/java.util.prefs=ALL-UNNAMED --add-opens=java.base/java.nio.charset=ALL-UNNAMED --add-opens=java.base/java.net=ALL-UNNAMED --add-opens=java.base/java.util.concurrent.atomic=ALL-UNNAMED --add-opens=java.xml/javax.xml.namespace=ALL-UNNAMED -Xmx2048m -Dfile.encoding=UTF-8 -Duser.country=IE -Duser.language=en -Duser.variant -javaagent:C:\Users\miche\.gradle\wrapper\dists\gradle-8.13-bin\5xuhj0ry160q40clulazy9h7d\gradle-8.13\lib\agents\gradle-instrumentation-agent-8.13.jar org.gradle.launcher.daemon.bootstrap.GradleDaemon 8.13

Host: AMD Ryzen 5 3500U with Radeon Vega Mobile Gfx  , 8 cores, 5G,  Windows 11 , 64 bit Build 22621 (10.0.22621.5415)
Time: Thu Oct 23 19:58:28 2025 GMT Daylight Time elapsed time: 11.099630 seconds (0d 0h 0m 11s)

---------------  T H R E A D  ---------------

Current thread (0x00000263cb9512a0):  VMThread "VM Thread"          [id=18892, stack(0x0000007b4a400000,0x0000007b4a500000) (1024K)]

Stack: [0x0000007b4a400000,0x0000007b4a500000]
Native frames: (J=compiled Java code, j=interpreted, Vv=VM code, C=native code)
V  [jvm.dll+0x6d68d9]
V  [jvm.dll+0x866693]
V  [jvm.dll+0x868c4e]
V  [jvm.dll+0x869333]
V  [jvm.dll+0x280566]
V  [jvm.dll+0x6d3195]
V  [jvm.dll+0x6c69ea]
V  [jvm.dll+0x3586db]
V  [jvm.dll+0x360336]
V  [jvm.dll+0x3b23f6]
V  [jvm.dll+0x3b26c8]
V  [jvm.dll+0x32ae6c]
V  [jvm.dll+0x32d806]
V  [jvm.dll+0x3376dd]
V  [jvm.dll+0x36ee15]
V  [jvm.dll+0x86f0b8]
V  [jvm.dll+0x870434]
V  [jvm.dll+0x870970]
V  [jvm.dll+0x870c03]
V  [jvm.dll+0x80eac8]
V  [jvm.dll+0x6d512d]
C  [ucrtbase.dll+0x29333]
C  [KERNEL32.DLL+0x1259d]
C  [ntdll.dll+0x5af78]

VM_Operation (0x0000007b49fff3e0): G1PauseRemark, mode: safepoint, requested by thread 0x00000263b42c8990


---------------  P R O C E S S  ---------------

Threads class SMR info:
_java_thread_list=0x00000263cbd83e90, length=36, elements={
0x00000263b425e800, 0x00000263cbabffd0, 0x00000263cbad5630, 0x00000263cbad84b0,
0x00000263cbae14c0, 0x00000263cbaea3d0, 0x00000263cbaeae30, 0x00000263cbaec400,
0x00000263cbaf03d0, 0x00000263cbaf2090, 0x00000263cbdedb80, 0x00000263d0f6daa0,
0x00000263d18c14a0, 0x00000263d195ecc0, 0x00000263d1a85f60, 0x00000263d1a869a0,
0x00000263d1abb220, 0x00000263d1aa7370, 0x00000263d192cbe0, 0x00000263d192d900,
0x00000263d192f9d0, 0x00000263d192f340, 0x00000263d192c550, 0x00000263d192ecb0,
0x00000263d192e620, 0x00000263d192d270, 0x00000263d21faf30, 0x00000263d21f6070,
0x00000263d21f94f0, 0x00000263d21f6d90, 0x00000263d21fc970, 0x00000263d21fd000,
0x00000263d21fb5c0, 0x00000263d21fbc50, 0x00000263d21f8140, 0x00000263d21f87d0
}

Java Threads: ( => current thread )
  0x00000263b425e800 JavaThread "main"                              [_thread_blocked, id=10776, stack(0x0000007b49d00000,0x0000007b49e00000) (1024K)]
  0x00000263cbabffd0 JavaThread "Common-Cleaner"             daemon [_thread_blocked, id=9948, stack(0x0000007b4a500000,0x0000007b4a600000) (1024K)]
  0x00000263cbad5630 JavaThread "Reference Handler"          daemon [_thread_blocked, id=19164, stack(0x0000007b4a600000,0x0000007b4a700000) (1024K)]
  0x00000263cbad84b0 JavaThread "Finalizer"                  daemon [_thread_blocked, id=3668, stack(0x0000007b4a700000,0x0000007b4a800000) (1024K)]
  0x00000263cbae14c0 JavaThread "Signal Dispatcher"          daemon [_thread_blocked, id=15776, stack(0x0000007b4a800000,0x0000007b4a900000) (1024K)]
  0x00000263cbaea3d0 JavaThread "Attach Listener"            daemon [_thread_blocked, id=13696, stack(0x0000007b4a900000,0x0000007b4aa00000) (1024K)]
  0x00000263cbaeae30 JavaThread "Service Thread"             daemon [_thread_blocked, id=20844, stack(0x0000007b4aa00000,0x0000007b4ab00000) (1024K)]
  0x00000263cbaec400 JavaThread "Monitor Deflation Thread"   daemon [_thread_blocked, id=21032, stack(0x0000007b4ab00000,0x0000007b4ac00000) (1024K)]
  0x00000263cbaf03d0 JavaThread "C2 CompilerThread0"         daemon [_thread_blocked, id=20720, stack(0x0000007b4ac00000,0x0000007b4ad00000) (1024K)]
  0x00000263cbaf2090 JavaThread "C1 CompilerThread0"         daemon [_thread_blocked, id=9496, stack(0x0000007b4ad00000,0x0000007b4ae00000) (1024K)]
  0x00000263cbdedb80 JavaThread "Notification Thread"        daemon [_thread_blocked, id=10228, stack(0x0000007b4ae00000,0x0000007b4af00000) (1024K)]
  0x00000263d0f6daa0 JavaThread "Daemon health stats"               [_thread_blocked, id=15468, stack(0x0000007b4b400000,0x0000007b4b500000) (1024K)]
  0x00000263d18c14a0 JavaThread "Incoming local TCP Connector on port 59867"        [_thread_in_native, id=6016, stack(0x0000007b4b500000,0x0000007b4b600000) (1024K)]
  0x00000263d195ecc0 JavaThread "Daemon periodic checks"            [_thread_blocked, id=14180, stack(0x0000007b4b600000,0x0000007b4b700000) (1024K)]
  0x00000263d1a85f60 JavaThread "Daemon"                            [_thread_blocked, id=19892, stack(0x0000007b4b700000,0x0000007b4b800000) (1024K)]
  0x00000263d1a869a0 JavaThread "Handler for socket connection from /127.0.0.1:59867 to /127.0.0.1:59868"        [_thread_in_native, id=17148, stack(0x0000007b4b800000,0x0000007b4b900000) (1024K)]
  0x00000263d1abb220 JavaThread "Cancel handler"                    [_thread_blocked, id=7292, stack(0x0000007b4b900000,0x0000007b4ba00000) (1024K)]
  0x00000263d1aa7370 JavaThread "Daemon worker"                     [_thread_blocked, id=12724, stack(0x0000007b4ba00000,0x0000007b4bb00000) (1024K)]
  0x00000263d192cbe0 JavaThread "Asynchronous log dispatcher for DefaultDaemonConnection: socket connection from /127.0.0.1:59867 to /127.0.0.1:59868"        [_thread_blocked, id=19852, stack(0x0000007b4bb00000,0x0000007b4bc00000) (1024K)]
  0x00000263d192d900 JavaThread "Stdin handler"                     [_thread_blocked, id=19248, stack(0x0000007b4bf00000,0x0000007b4c000000) (1024K)]
  0x00000263d192f9d0 JavaThread "Daemon client event forwarder"        [_thread_blocked, id=10800, stack(0x0000007b4c000000,0x0000007b4c100000) (1024K)]
  0x00000263d192f340 JavaThread "Cache worker for journal cache (C:\Users\miche\.gradle\caches\journal-1)"        [_thread_blocked, id=3384, stack(0x0000007b4c100000,0x0000007b4c200000) (1024K)]
  0x00000263d192c550 JavaThread "File lock request listener"        [_thread_in_native, id=9272, stack(0x0000007b4c200000,0x0000007b4c300000) (1024K)]
  0x00000263d192ecb0 JavaThread "Cache worker for file hash cache (C:\Users\miche\.gradle\caches\8.13\fileHashes)"        [_thread_blocked, id=21344, stack(0x0000007b4c300000,0x0000007b4c400000) (1024K)]
  0x00000263d192e620 JavaThread "Cache worker for file hash cache (C:\Users\miche\AndroidStudioProjects\mobileappca\.gradle\8.13\fileHashes)"        [_thread_blocked, id=15356, stack(0x0000007b4c500000,0x0000007b4c600000) (1024K)]
  0x00000263d192d270 JavaThread "Cache worker for Build Output Cleanup Cache (C:\Users\miche\AndroidStudioProjects\mobileappca\.gradle\buildOutputCleanup)"        [_thread_blocked, id=19092, stack(0x0000007b4c600000,0x0000007b4c700000) (1024K)]
  0x00000263d21faf30 JavaThread "File watcher server"        daemon [_thread_in_native, id=3444, stack(0x0000007b4c400000,0x0000007b4c500000) (1024K)]
  0x00000263d21f6070 JavaThread "File watcher consumer"      daemon [_thread_blocked, id=10204, stack(0x0000007b4c700000,0x0000007b4c800000) (1024K)]
  0x00000263d21f94f0 JavaThread "jar transforms"                    [_thread_blocked, id=3660, stack(0x0000007b4c800000,0x0000007b4c900000) (1024K)]
  0x00000263d21f6d90 JavaThread "jar transforms Thread 2"           [_thread_blocked, id=15664, stack(0x0000007b4c900000,0x0000007b4ca00000) (1024K)]
  0x00000263d21fc970 JavaThread "jar transforms Thread 3"           [_thread_blocked, id=9568, stack(0x0000007b4ca00000,0x0000007b4cb00000) (1024K)]
  0x00000263d21fd000 JavaThread "jar transforms Thread 4"           [_thread_blocked, id=17596, stack(0x0000007b4cb00000,0x0000007b4cc00000) (1024K)]
  0x00000263d21fb5c0 JavaThread "jar transforms Thread 5"           [_thread_blocked, id=2436, stack(0x0000007b4cc00000,0x0000007b4cd00000) (1024K)]
  0x00000263d21fbc50 JavaThread "jar transforms Thread 6"           [_thread_blocked, id=13544, stack(0x0000007b4cd00000,0x0000007b4ce00000) (1024K)]
  0x00000263d21f8140 JavaThread "jar transforms Thread 7"           [_thread_blocked, id=2104, stack(0x0000007b4ce00000,0x0000007b4cf00000) (1024K)]
  0x00000263d21f87d0 JavaThread "jar transforms Thread 8"           [_thread_blocked, id=16556, stack(0x0000007b4cf00000,0x0000007b4d000000) (1024K)]
Total: 36

Other Threads:
=>0x00000263cb9512a0 VMThread "VM Thread"                           [id=18892, stack(0x0000007b4a400000,0x0000007b4a500000) (1024K)]
  0x00000263cb8bc850 WatcherThread "VM Periodic Task Thread"        [id=2608, stack(0x0000007b4a300000,0x0000007b4a400000) (1024K)]
  0x00000263b42b7930 WorkerThread "GC Thread#0"                     [id=13524, stack(0x0000007b49e00000,0x0000007b49f00000) (1024K)]
  0x00000263d009ad30 WorkerThread "GC Thread#1"                     [id=13616, stack(0x0000007b4af00000,0x0000007b4b000000) (1024K)]
  0x00000263d0273aa0 WorkerThread "GC Thread#2"                     [id=5712, stack(0x0000007b4b000000,0x0000007b4b100000) (1024K)]
  0x00000263d0273e40 WorkerThread "GC Thread#3"                     [id=20664, stack(0x0000007b4b100000,0x0000007b4b200000) (1024K)]
  0x00000263d0cd48d0 WorkerThread "GC Thread#4"                     [id=13416, stack(0x0000007b4b200000,0x0000007b4b300000) (1024K)]
  0x00000263d0d06640 WorkerThread "GC Thread#5"                     [id=9908, stack(0x0000007b4b300000,0x0000007b4b400000) (1024K)]
  0x00000263d1a6f270 WorkerThread "GC Thread#6"                     [id=17816, stack(0x0000007b4bc00000,0x0000007b4bd00000) (1024K)]
  0x00000263d1956590 WorkerThread "GC Thread#7"                     [id=10380, stack(0x0000007b4bd00000,0x0000007b4be00000) (1024K)]
  0x00000263b42c8990 ConcurrentGCThread "G1 Main Marker"            [id=12984, stack(0x0000007b49f00000,0x0000007b4a000000) (1024K)]
  0x00000263b42c93a0 WorkerThread "G1 Conc#0"                       [id=11196, stack(0x0000007b4a000000,0x0000007b4a100000) (1024K)]
  0x00000263d1957150 WorkerThread "G1 Conc#1"                       [id=19712, stack(0x0000007b4be00000,0x0000007b4bf00000) (1024K)]
  0x00000263cb790540 ConcurrentGCThread "G1 Refine#0"               [id=10984, stack(0x0000007b4a100000,0x0000007b4a200000) (1024K)]
  0x00000263cb791ed0 ConcurrentGCThread "G1 Service"                [id=15412, stack(0x0000007b4a200000,0x0000007b4a300000) (1024K)]
Total: 15

Threads with active compile tasks:
C1 CompilerThread0  11132 3772       3       java.nio.HeapByteBuffer::putInt (31 bytes)
Total: 1

VM state: at safepoint (normal execution)

VM Mutex/Monitor currently owned by a thread:  ([mutex/lock_event])
[0x00007ffc310685b8] Threads_lock - owner thread: 0x00000263cb9512a0
[0x00007ffc310686b8] Heap_lock - owner thread: 0x00000263b42c8990

Heap address: 0x0000000080000000, size: 2048 MB, Compressed Oops mode: 32-bit

CDS archive(s) not mapped
Compressed class space mapped at: 0x0000000100000000-0x0000000140000000, reserved size: 1073741824
Narrow klass base: 0x0000000000000000, Narrow klass shift: 3, Narrow klass range: 0x140000000

GC Precious Log:
 CardTable entry size: 512
 Card Set container configuration: InlinePtr #cards 5 size 8 Array Of Cards #cards 12 size 40 Howl #buckets 4 coarsen threshold 1843 Howl Bitmap #cards 512 size 80 coarsen threshold 460 Card regions per heap region 1 cards per card region 2048
 CPUs: 8 total, 8 available
 Memory: 6030M
 Large Page Support: Disabled
 NUMA Support: Disabled
 Compressed Oops: Enabled (32-bit)
 Heap Region Size: 1M
 Heap Min Capacity: 8M
 Heap Initial Capacity: 96M
 Heap Max Capacity: 2G
 Pre-touch: Disabled
 Parallel Workers: 8
 Concurrent Workers: 2
 Concurrent Refinement Workers: 8
 Periodic GC: Disabled

Heap:
 garbage-first heap   total 81920K, used 61526K [0x0000000080000000, 0x0000000100000000)
  region size 1024K, 2 young (2048K), 1 survivors (1024K)
 Metaspace       used 39915K, committed 40768K, reserved 1114112K
  class space    used 5655K, committed 6080K, reserved 1048576K

Heap Regions: E=young(eden), S=young(survivor), O=old, HS=humongous(starts), HC=humongous(continues), CS=collection set, F=free, TAMS=top-at-mark-start, PB=parsable bottom
|   0|0x0000000080000000, 0x0000000080100000, 0x0000000080100000|100%|HS|  |TAMS 0x0000000080100000| PB 0x0000000080000000| Complete 
|   1|0x0000000080100000, 0x0000000080200000, 0x0000000080200000|100%|HC|  |TAMS 0x0000000080200000| PB 0x0000000080100000| Complete 
|   2|0x0000000080200000, 0x0000000080300000, 0x0000000080300000|100%|HC|  |TAMS 0x0000000080300000| PB 0x0000000080200000| Complete 
|   3|0x0000000080300000, 0x0000000080400000, 0x0000000080400000|100%| O|  |TAMS 0x0000000080400000| PB 0x0000000080400000| Untracked 
|   4|0x0000000080400000, 0x0000000080500000, 0x0000000080500000|100%| O|  |TAMS 0x0000000080500000| PB 0x0000000080500000| Untracked 
|   5|0x0000000080500000, 0x0000000080600000, 0x0000000080600000|100%| O|  |TAMS 0x0000000080600000| PB 0x0000000080600000| Untracked 
|   6|0x0000000080600000, 0x0000000080700000, 0x0000000080700000|100%|HS|  |TAMS 0x0000000080700000| PB 0x0000000080600000| Complete 
|   7|0x0000000080700000, 0x0000000080800000, 0x0000000080800000|100%| O|  |TAMS 0x0000000080800000| PB 0x0000000080800000| Untracked 
|   8|0x0000000080800000, 0x0000000080900000, 0x0000000080900000|100%| O|  |TAMS 0x0000000080900000| PB 0x0000000080900000| Untracked 
|   9|0x0000000080900000, 0x0000000080a00000, 0x0000000080a00000|100%| O|  |TAMS 0x0000000080a00000| PB 0x0000000080a00000| Untracked 
|  10|0x0000000080a00000, 0x0000000080b00000, 0x0000000080b00000|100%| O|  |TAMS 0x0000000080b00000| PB 0x0000000080b00000| Untracked 
|  11|0x0000000080b00000, 0x0000000080c00000, 0x0000000080c00000|100%| O|  |TAMS 0x0000000080c00000| PB 0x0000000080c00000| Untracked 
|  12|0x0000000080c00000, 0x0000000080d00000, 0x0000000080d00000|100%| O|  |TAMS 0x0000000080d00000| PB 0x0000000080d00000| Updating 
|  13|0x0000000080d00000, 0x0000000080e00000, 0x0000000080e00000|100%| O|  |TAMS 0x0000000080e00000| PB 0x0000000080e00000| Untracked 
|  14|0x0000000080e00000, 0x0000000080f00000, 0x0000000080f00000|100%| O|  |TAMS 0x0000000080f00000| PB 0x0000000080f00000| Untracked 
|  15|0x0000000080f00000, 0x0000000081000000, 0x0000000081000000|100%| O|  |TAMS 0x0000000081000000| PB 0x0000000081000000| Updating 
|  16|0x0000000081000000, 0x0000000081100000, 0x0000000081100000|100%| O|  |TAMS 0x0000000081100000| PB 0x0000000081100000| Untracked 
|  17|0x0000000081100000, 0x0000000081200000, 0x0000000081200000|100%| O|  |TAMS 0x0000000081200000| PB 0x0000000081200000| Updating 
|  18|0x0000000081200000, 0x0000000081300000, 0x0000000081300000|100%| O|  |TAMS 0x0000000081300000| PB 0x0000000081300000| Untracked 
|  19|0x0000000081300000, 0x0000000081400000, 0x0000000081400000|100%| O|  |TAMS 0x0000000081400000| PB 0x0000000081400000| Untracked 
|  20|0x0000000081400000, 0x0000000081400000, 0x0000000081500000|  0%| F|  |TAMS 0x0000000081400000| PB 0x0000000081400000| Untracked 
|  21|0x0000000081500000, 0x0000000081600000, 0x0000000081600000|100%| O|  |TAMS 0x0000000081600000| PB 0x0000000081600000| Untracked 
|  22|0x0000000081600000, 0x0000000081700000, 0x0000000081700000|100%| O|  |TAMS 0x0000000081700000| PB 0x0000000081700000| Untracked 
|  23|0x0000000081700000, 0x0000000081800000, 0x0000000081800000|100%|HS|  |TAMS 0x0000000081800000| PB 0x0000000081700000| Complete 
|  24|0x0000000081800000, 0x0000000081900000, 0x0000000081900000|100%|HC|  |TAMS 0x0000000081900000| PB 0x0000000081800000| Complete 
|  25|0x0000000081900000, 0x0000000081a00000, 0x0000000081a00000|100%|HC|  |TAMS 0x0000000081a00000| PB 0x0000000081900000| Complete 
|  26|0x0000000081a00000, 0x0000000081b00000, 0x0000000081b00000|100%|HC|  |TAMS 0x0000000081b00000| PB 0x0000000081a00000| Complete 
|  27|0x0000000081b00000, 0x0000000081c00000, 0x0000000081c00000|100%|HC|  |TAMS 0x0000000081c00000| PB 0x0000000081b00000| Complete 
|  28|0x0000000081c00000, 0x0000000081d00000, 0x0000000081d00000|100%|HC|  |TAMS 0x0000000081d00000| PB 0x0000000081c00000| Complete 
|  29|0x0000000081d00000, 0x0000000081e00000, 0x0000000081e00000|100%|HS|  |TAMS 0x0000000081e00000| PB 0x0000000081d00000| Complete 
|  30|0x0000000081e00000, 0x0000000081f00000, 0x0000000081f00000|100%|HS|  |TAMS 0x0000000081f00000| PB 0x0000000081e00000| Complete 
|  31|0x0000000081f00000, 0x0000000082000000, 0x0000000082000000|100%|HC|  |TAMS 0x0000000082000000| PB 0x0000000081f00000| Complete 
|  32|0x0000000082000000, 0x0000000082100000, 0x0000000082100000|100%|HC|  |TAMS 0x0000000082100000| PB 0x0000000082000000| Complete 
|  33|0x0000000082100000, 0x0000000082200000, 0x0000000082200000|100%|HC|  |TAMS 0x0000000082200000| PB 0x0000000082100000| Complete 
|  34|0x0000000082200000, 0x0000000082300000, 0x0000000082300000|100%|HS|  |TAMS 0x0000000082300000| PB 0x0000000082200000| Complete 
|  35|0x0000000082300000, 0x0000000082400000, 0x0000000082400000|100%|HC|  |TAMS 0x0000000082400000| PB 0x0000000082300000| Complete 
|  36|0x0000000082400000, 0x0000000082500000, 0x0000000082500000|100%|HS|  |TAMS 0x0000000082500000| PB 0x0000000082400000| Complete 
|  37|0x0000000082500000, 0x0000000082600000, 0x0000000082600000|100%|HS|  |TAMS 0x0000000082600000| PB 0x0000000082500000| Complete 
|  38|0x0000000082600000, 0x0000000082700000, 0x0000000082700000|100%|HC|  |TAMS 0x0000000082700000| PB 0x0000000082600000| Complete 
|  39|0x0000000082700000, 0x0000000082800000, 0x0000000082800000|100%|HC|  |TAMS 0x0000000082800000| PB 0x0000000082700000| Complete 
|  40|0x0000000082800000, 0x0000000082900000, 0x0000000082900000|100%|HC|  |TAMS 0x0000000082900000| PB 0x0000000082800000| Complete 
|  41|0x0000000082900000, 0x0000000082a00000, 0x0000000082a00000|100%|HC|  |TAMS 0x0000000082a00000| PB 0x0000000082900000| Complete 
|  42|0x0000000082a00000, 0x0000000082b00000, 0x0000000082b00000|100%|HC|  |TAMS 0x0000000082b00000| PB 0x0000000082a00000| Complete 
|  43|0x0000000082b00000, 0x0000000082c00000, 0x0000000082c00000|100%|HS|  |TAMS 0x0000000082c00000| PB 0x0000000082b00000| Complete 
|  44|0x0000000082c00000, 0x0000000082d00000, 0x0000000082d00000|100%| O|  |TAMS 0x0000000082d00000| PB 0x0000000082d00000| Untracked 
|  45|0x0000000082d00000, 0x0000000082e00000, 0x0000000082e00000|100%| O|  |TAMS 0x0000000082e00000| PB 0x0000000082e00000| Untracked 
|  46|0x0000000082e00000, 0x0000000082f00000, 0x0000000082f00000|100%| O|  |TAMS 0x0000000082f00000| PB 0x0000000082f00000| Untracked 
|  47|0x0000000082f00000, 0x0000000083000000, 0x0000000083000000|100%| O|  |TAMS 0x0000000083000000| PB 0x0000000083000000| Untracked 
|  48|0x0000000083000000, 0x0000000083100000, 0x0000000083100000|100%| O|  |TAMS 0x0000000083100000| PB 0x0000000083100000| Updating 
|  49|0x0000000083100000, 0x0000000083200000, 0x0000000083200000|100%|HS|  |TAMS 0x0000000083200000| PB 0x0000000083100000| Complete 
|  50|0x0000000083200000, 0x0000000083300000, 0x0000000083300000|100%|HC|  |TAMS 0x0000000083300000| PB 0x0000000083200000| Complete 
|  51|0x0000000083300000, 0x0000000083400000, 0x0000000083400000|100%|HC|  |TAMS 0x0000000083400000| PB 0x0000000083300000| Complete 
|  52|0x0000000083400000, 0x0000000083500000, 0x0000000083500000|100%|HC|  |TAMS 0x0000000083500000| PB 0x0000000083400000| Complete 
|  53|0x0000000083500000, 0x0000000083600000, 0x0000000083600000|100%|HS|  |TAMS 0x0000000083600000| PB 0x0000000083500000| Complete 
|  54|0x0000000083600000, 0x0000000083700000, 0x0000000083700000|100%|HC|  |TAMS 0x0000000083700000| PB 0x0000000083600000| Complete 
|  55|0x0000000083700000, 0x0000000083725c08, 0x0000000083800000| 14%| O|  |TAMS 0x0000000083725c08| PB 0x0000000083725c08| Updating 
|  56|0x0000000083800000, 0x0000000083800000, 0x0000000083900000|  0%| F|  |TAMS 0x0000000083800000| PB 0x0000000083800000| Untracked 
|  57|0x0000000083900000, 0x0000000083900000, 0x0000000083a00000|  0%| F|  |TAMS 0x0000000083900000| PB 0x0000000083900000| Untracked 
|  58|0x0000000083a00000, 0x0000000083a00000, 0x0000000083b00000|  0%| F|  |TAMS 0x0000000083a00000| PB 0x0000000083a00000| Untracked 
|  59|0x0000000083b00000, 0x0000000083b00000, 0x0000000083c00000|  0%| F|  |TAMS 0x0000000083b00000| PB 0x0000000083b00000| Untracked 
|  60|0x0000000083c00000, 0x0000000083c00000, 0x0000000083d00000|  0%| F|  |TAMS 0x0000000083c00000| PB 0x0000000083c00000| Untracked 
|  61|0x0000000083d00000, 0x0000000083d00000, 0x0000000083e00000|  0%| F|  |TAMS 0x0000000083d00000| PB 0x0000000083d00000| Untracked 
|  62|0x0000000083e00000, 0x0000000083eeffd0, 0x0000000083f00000| 93%| S|CS|TAMS 0x0000000083e00000| PB 0x0000000083e00000| Complete 
|  63|0x0000000083f00000, 0x0000000083f00000, 0x0000000084000000|  0%| F|  |TAMS 0x0000000083f00000| PB 0x0000000083f00000| Untracked 
|  64|0x0000000084000000, 0x0000000084000000, 0x0000000084100000|  0%| F|  |TAMS 0x0000000084000000| PB 0x0000000084000000| Untracked 
|  65|0x0000000084100000, 0x0000000084200000, 0x0000000084200000|100%|HS|  |TAMS 0x0000000084200000| PB 0x0000000084100000| Complete 
|  66|0x0000000084200000, 0x0000000084200000, 0x0000000084300000|  0%| F|  |TAMS 0x0000000084200000| PB 0x0000000084200000| Untracked 
|  67|0x0000000084300000, 0x0000000084300000, 0x0000000084400000|  0%| F|  |TAMS 0x0000000084300000| PB 0x0000000084300000| Untracked 
|  68|0x0000000084400000, 0x0000000084400000, 0x0000000084500000|  0%| F|  |TAMS 0x0000000084400000| PB 0x0000000084400000| Untracked 
|  69|0x0000000084500000, 0x0000000084500000, 0x0000000084600000|  0%| F|  |TAMS 0x0000000084500000| PB 0x0000000084500000| Untracked 
|  70|0x0000000084600000, 0x0000000084600000, 0x0000000084700000|  0%| F|  |TAMS 0x0000000084600000| PB 0x0000000084600000| Untracked 
|  71|0x0000000084700000, 0x0000000084700000, 0x0000000084800000|  0%| F|  |TAMS 0x0000000084700000| PB 0x0000000084700000| Untracked 
|  72|0x0000000084800000, 0x0000000084800000, 0x0000000084900000|  0%| F|  |TAMS 0x0000000084800000| PB 0x0000000084800000| Untracked 
|  73|0x0000000084900000, 0x0000000084900000, 0x0000000084a00000|  0%| F|  |TAMS 0x0000000084900000| PB 0x0000000084900000| Untracked 
|  74|0x0000000084a00000, 0x0000000084a00000, 0x0000000084b00000|  0%| F|  |TAMS 0x0000000084a00000| PB 0x0000000084a00000| Untracked 
|  95|0x0000000085f00000, 0x0000000085f9a348, 0x0000000086000000| 60%| E|  |TAMS 0x0000000085f00000| PB 0x0000000085f00000| Complete 
|2044|0x00000000ffc00000, 0x00000000ffd00000, 0x00000000ffd00000|100%| O|  |TAMS 0x00000000ffd00000| PB 0x00000000ffd00000| Updating 
|2045|0x00000000ffd00000, 0x00000000ffe00000, 0x00000000ffe00000|100%| O|  |TAMS 0x00000000ffe00000| PB 0x00000000ffe00000| Updating 
|2046|0x00000000ffe00000, 0x00000000fff00000, 0x00000000fff00000|100%| O|  |TAMS 0x00000000fff00000| PB 0x00000000fff00000| Untracked 
|2047|0x00000000fff00000, 0x0000000100000000, 0x0000000100000000|100%| O|  |TAMS 0x0000000100000000| PB 0x0000000100000000| Untracked 

Card table byte_map: [0x00000263c6ae0000,0x00000263c6ee0000] _byte_map_base: 0x00000263c66e0000

Marking Bits: (CMBitMap*) 0x00000263b42b7f40
 Bits: [0x00000263c6ee0000, 0x00000263c8ee0000)

Polling page: 0x00000263b2220000

Metaspace:

Usage:
  Non-class:     33.46 MB used.
      Class:      5.52 MB used.
       Both:     38.98 MB used.

Virtual space:
  Non-class space:       64.00 MB reserved,      33.88 MB ( 53%) committed,  1 nodes.
      Class space:        1.00 GB reserved,       5.94 MB ( <1%) committed,  1 nodes.
             Both:        1.06 GB reserved,      39.81 MB (  4%) committed. 

Chunk freelists:
   Non-Class:  13.50 MB
       Class:  10.02 MB
        Both:  23.52 MB

MaxMetaspaceSize: unlimited
CompressedClassSpaceSize: 1.00 GB
Initial GC threshold: 21.00 MB
Current GC threshold: 59.00 MB
CDS: off
 - commit_granule_bytes: 65536.
 - commit_granule_words: 8192.
 - virtual_space_node_default_size: 8388608.
 - enlarge_chunks_in_place: 1.
 - use_allocation_guard: 0.


Internal statistics:

num_allocs_failed_limit: 6.
num_arena_births: 1596.
num_arena_deaths: 0.
num_vsnodes_births: 2.
num_vsnodes_deaths: 0.
num_space_committed: 637.
num_space_uncommitted: 0.
num_chunks_returned_to_freelist: 6.
num_chunks_taken_from_freelist: 3005.
num_chunk_merges: 3.
num_chunk_splits: 1898.
num_chunks_enlarged: 1164.
num_inconsistent_stats: 0.

CodeHeap 'non-profiled nmethods': size=120000Kb used=1826Kb max_used=1879Kb free=118173Kb
 bounds [0x00000263bee80000, 0x00000263bf0f0000, 0x00000263c63b0000]
CodeHeap 'profiled nmethods': size=120000Kb used=6183Kb max_used=6578Kb free=113816Kb
 bounds [0x00000263b73b0000, 0x00000263b7a30000, 0x00000263be8e0000]
CodeHeap 'non-nmethods': size=5760Kb used=1506Kb max_used=1538Kb free=4253Kb
 bounds [0x00000263be8e0000, 0x00000263beb50000, 0x00000263bee80000]
CodeCache: size=245760Kb, used=9515Kb, max_used=9995Kb, free=236242Kb
 total_blobs=3817, nmethods=3224, adapters=497, full_count=0
Compilation: enabled, stopped_count=0, restarted_count=0

Compilation events (20 events):
Event: 11.077 Thread 0x00000263cbaf2090 nmethod 3761 0x00000263b749a710 code [0x00000263b749a9c0, 0x00000263b749b8a0]
Event: 11.079 Thread 0x00000263cbaf2090 3762       3       java.util.concurrent.atomic.AtomicReferenceArray::set (13 bytes)
Event: 11.081 Thread 0x00000263cbaf2090 nmethod 3762 0x00000263b7498c10 code [0x00000263b7498f00, 0x00000263b7499ee8]
Event: 11.081 Thread 0x00000263cbaf2090 3763       3       java.lang.invoke.VarHandleGuards::guard_LIL_V (135 bytes)
Event: 11.081 Thread 0x00000263cbaf03d0 3765       4       java.lang.String$CaseInsensitiveComparator::compare (68 bytes)
Event: 11.084 Thread 0x00000263cbaf2090 nmethod 3763 0x00000263b73c3990 code [0x00000263b73c3dc0, 0x00000263b73c6108]
Event: 11.084 Thread 0x00000263cbaf2090 3767       3       com.google.common.collect.ImmutableEntry::<init> (15 bytes)
Event: 11.084 Thread 0x00000263cbaf2090 nmethod 3767 0x00000263b73c3490 code [0x00000263b73c3640, 0x00000263b73c38c0]
Event: 11.084 Thread 0x00000263cbaf2090 3768       3       com.google.common.collect.AbstractMapEntry::<init> (5 bytes)
Event: 11.084 Thread 0x00000263cbaf2090 nmethod 3768 0x00000263b73c3090 code [0x00000263b73c3240, 0x00000263b73c33a8]
Event: 11.084 Thread 0x00000263cbaf2090 3764       3       java.lang.invoke.VarHandleReferences$Array::setVolatile (61 bytes)
Event: 11.086 Thread 0x00000263cbaf2090 nmethod 3764 0x00000263b73c1b10 code [0x00000263b73c1dc0, 0x00000263b73c2af0]
Event: 11.086 Thread 0x00000263cbaf2090 3769       3       org.gradle.internal.snapshot.VfsRelativePath::<init> (15 bytes)
Event: 11.086 Thread 0x00000263cbaf2090 nmethod 3769 0x00000263b73c1690 code [0x00000263b73c1840, 0x00000263b73c1a00]
Event: 11.091 Thread 0x00000263cbaf03d0 nmethod 3765 0x00000263bef65190 code [0x00000263bef65340, 0x00000263bef65818]
Event: 11.091 Thread 0x00000263cbaf2090 3770       3       java.util.Optional::isEmpty (13 bytes)
Event: 11.092 Thread 0x00000263cbaf2090 nmethod 3770 0x00000263b73c1310 code [0x00000263b73c14a0, 0x00000263b73c1600]
Event: 11.093 Thread 0x00000263cbaf2090 3771       3       org.gradle.internal.hash.Hashing$MessageDigestHasher::putInt (15 bytes)
Event: 11.093 Thread 0x00000263cbaf2090 nmethod 3771 0x00000263b7526110 code [0x00000263b7526320, 0x00000263b7526910]
Event: 11.093 Thread 0x00000263cbaf2090 3772       3       java.nio.HeapByteBuffer::putInt (31 bytes)

GC Heap History (20 events):
Event: 0.806 GC heap before
{Heap before GC invocations=0 (full 0):
 garbage-first heap   total 98304K, used 22528K [0x0000000080000000, 0x0000000100000000)
  region size 1024K, 23 young (23552K), 0 survivors (0K)
 Metaspace       used 8118K, committed 8256K, reserved 1114112K
  class space    used 749K, committed 832K, reserved 1048576K
}
Event: 0.813 GC heap after
{Heap after GC invocations=1 (full 0):
 garbage-first heap   total 98304K, used 2304K [0x0000000080000000, 0x0000000100000000)
  region size 1024K, 3 young (3072K), 3 survivors (3072K)
 Metaspace       used 8118K, committed 8256K, reserved 1114112K
  class space    used 749K, committed 832K, reserved 1048576K
}
Event: 1.980 GC heap before
{Heap before GC invocations=1 (full 0):
 garbage-first heap   total 98304K, used 40192K [0x0000000080000000, 0x0000000100000000)
  region size 1024K, 38 young (38912K), 3 survivors (3072K)
 Metaspace       used 12361K, committed 12544K, reserved 1114112K
  class space    used 1348K, committed 1408K, reserved 1048576K
}
Event: 1.992 GC heap after
{Heap after GC invocations=2 (full 0):
 garbage-first heap   total 98304K, used 10643K [0x0000000080000000, 0x0000000100000000)
  region size 1024K, 5 young (5120K), 5 survivors (5120K)
 Metaspace       used 12361K, committed 12544K, reserved 1114112K
  class space    used 1348K, committed 1408K, reserved 1048576K
}
Event: 2.751 GC heap before
{Heap before GC invocations=2 (full 0):
 garbage-first heap   total 98304K, used 57747K [0x0000000080000000, 0x0000000100000000)
  region size 1024K, 49 young (50176K), 5 survivors (5120K)
 Metaspace       used 13154K, committed 13376K, reserved 1114112K
  class space    used 1492K, committed 1600K, reserved 1048576K
}
Event: 2.766 GC heap after
{Heap after GC invocations=3 (full 0):
 garbage-first heap   total 98304K, used 16608K [0x0000000080000000, 0x0000000100000000)
  region size 1024K, 5 young (5120K), 5 survivors (5120K)
 Metaspace       used 13154K, committed 13376K, reserved 1114112K
  class space    used 1492K, committed 1600K, reserved 1048576K
}
Event: 3.840 GC heap before
{Heap before GC invocations=3 (full 0):
 garbage-first heap   total 98304K, used 40160K [0x0000000080000000, 0x0000000100000000)
  region size 1024K, 29 young (29696K), 5 survivors (5120K)
 Metaspace       used 21267K, committed 21504K, reserved 1114112K
  class space    used 2523K, committed 2624K, reserved 1048576K
}
Event: 3.846 GC heap after
{Heap after GC invocations=4 (full 0):
 garbage-first heap   total 98304K, used 20288K [0x0000000080000000, 0x0000000100000000)
  region size 1024K, 4 young (4096K), 4 survivors (4096K)
 Metaspace       used 21267K, committed 21504K, reserved 1114112K
  class space    used 2523K, committed 2624K, reserved 1048576K
}
Event: 5.595 GC heap before
{Heap before GC invocations=5 (full 0):
 garbage-first heap   total 71680K, used 58176K [0x0000000080000000, 0x0000000100000000)
  region size 1024K, 42 young (43008K), 4 survivors (4096K)
 Metaspace       used 28035K, committed 28608K, reserved 1114112K
  class space    used 3602K, committed 3840K, reserved 1048576K
}
Event: 5.604 GC heap after
{Heap after GC invocations=6 (full 0):
 garbage-first heap   total 71680K, used 22833K [0x0000000080000000, 0x0000000100000000)
  region size 1024K, 3 young (3072K), 3 survivors (3072K)
 Metaspace       used 28035K, committed 28608K, reserved 1114112K
  class space    used 3602K, committed 3840K, reserved 1048576K
}
Event: 7.656 GC heap before
{Heap before GC invocations=6 (full 0):
 garbage-first heap   total 71680K, used 54577K [0x0000000080000000, 0x0000000100000000)
  region size 1024K, 35 young (35840K), 3 survivors (3072K)
 Metaspace       used 32353K, committed 33088K, reserved 1114112K
  class space    used 4386K, committed 4736K, reserved 1048576K
}
Event: 7.662 GC heap after
{Heap after GC invocations=7 (full 0):
 garbage-first heap   total 71680K, used 25197K [0x0000000080000000, 0x0000000100000000)
  region size 1024K, 5 young (5120K), 5 survivors (5120K)
 Metaspace       used 32353K, committed 33088K, reserved 1114112K
  class space    used 4386K, committed 4736K, reserved 1048576K
}
Event: 9.054 GC heap before
{Heap before GC invocations=7 (full 0):
 garbage-first heap   total 71680K, used 45677K [0x0000000080000000, 0x0000000100000000)
  region size 1024K, 26 young (26624K), 5 survivors (5120K)
 Metaspace       used 35313K, committed 36096K, reserved 1114112K
  class space    used 4917K, committed 5312K, reserved 1048576K
}
Event: 9.060 GC heap after
{Heap after GC invocations=8 (full 0):
 garbage-first heap   total 71680K, used 26449K [0x0000000080000000, 0x0000000100000000)
  region size 1024K, 4 young (4096K), 4 survivors (4096K)
 Metaspace       used 35313K, committed 36096K, reserved 1114112K
  class space    used 4917K, committed 5312K, reserved 1048576K
}
Event: 10.060 GC heap before
{Heap before GC invocations=9 (full 0):
 garbage-first heap   total 72704K, used 70481K [0x0000000080000000, 0x0000000100000000)
  region size 1024K, 20 young (20480K), 4 survivors (4096K)
 Metaspace       used 36550K, committed 37440K, reserved 1114112K
  class space    used 5135K, committed 5568K, reserved 1048576K
}
Event: 10.069 GC heap after
{Heap after GC invocations=10 (full 0):
 garbage-first heap   total 81920K, used 61218K [0x0000000080000000, 0x0000000100000000)
  region size 1024K, 5 young (5120K), 5 survivors (5120K)
 Metaspace       used 36550K, committed 37440K, reserved 1114112K
  class space    used 5135K, committed 5568K, reserved 1048576K
}
Event: 10.545 GC heap before
{Heap before GC invocations=10 (full 0):
 garbage-first heap   total 81920K, used 71458K [0x0000000080000000, 0x0000000100000000)
  region size 1024K, 16 young (16384K), 5 survivors (5120K)
 Metaspace       used 38119K, committed 38976K, reserved 1114112K
  class space    used 5352K, committed 5760K, reserved 1048576K
}
Event: 10.550 GC heap after
{Heap after GC invocations=11 (full 0):
 garbage-first heap   total 81920K, used 61128K [0x0000000080000000, 0x0000000100000000)
  region size 1024K, 1 young (1024K), 1 survivors (1024K)
 Metaspace       used 38119K, committed 38976K, reserved 1114112K
  class space    used 5352K, committed 5760K, reserved 1048576K
}
Event: 11.062 GC heap before
{Heap before GC invocations=11 (full 0):
 garbage-first heap   total 81920K, used 73416K [0x0000000080000000, 0x0000000100000000)
  region size 1024K, 13 young (13312K), 1 survivors (1024K)
 Metaspace       used 39872K, committed 40768K, reserved 1114112K
  class space    used 5646K, committed 6080K, reserved 1048576K
}
Event: 11.065 GC heap after
{Heap after GC invocations=12 (full 0):
 garbage-first heap   total 81920K, used 61526K [0x0000000080000000, 0x0000000100000000)
  region size 1024K, 1 young (1024K), 1 survivors (1024K)
 Metaspace       used 39872K, committed 40768K, reserved 1114112K
  class space    used 5646K, committed 6080K, reserved 1048576K
}

Dll operation events (3 events):
Event: 0.014 Loaded shared library C:\Program Files\Android\Android Studio\jbr\bin\java.dll
Event: 0.023 Loaded shared library C:\Program Files\Android\Android Studio\jbr\bin\zip.dll
Event: 0.980 Loaded shared library C:\Program Files\Android\Android Studio\jbr\bin\verify.dll

Deoptimization events (20 events):
Event: 10.353 Thread 0x00000263d1aa7370 Uncommon trap: trap_request=0xffffff45 fr.pc=0x00000263beea98fc relative=0x000000000000023c
Event: 10.353 Thread 0x00000263d1aa7370 Uncommon trap: reason=unstable_if action=reinterpret pc=0x00000263beea98fc method=java.lang.StringLatin1.hashCode([B)I @ 2 c2
Event: 10.353 Thread 0x00000263d1aa7370 DEOPT PACKING pc=0x00000263beea98fc sp=0x0000007b4baf5ba0
Event: 10.353 Thread 0x00000263d1aa7370 DEOPT UNPACKING pc=0x00000263be9346a2 sp=0x0000007b4baf5b38 mode 2
Event: 10.353 Thread 0x00000263d1aa7370 Uncommon trap: trap_request=0xffffff45 fr.pc=0x00000263beed4568 relative=0x00000000000000a8
Event: 10.353 Thread 0x00000263d1aa7370 Uncommon trap: reason=unstable_if action=reinterpret pc=0x00000263beed4568 method=java.lang.String.hashCode()I @ 42 c2
Event: 10.353 Thread 0x00000263d1aa7370 DEOPT PACKING pc=0x00000263beed4568 sp=0x0000007b4baf5bd0
Event: 10.353 Thread 0x00000263d1aa7370 DEOPT UNPACKING pc=0x00000263be9346a2 sp=0x0000007b4baf5b60 mode 2
Event: 10.419 Thread 0x00000263d1aa7370 Uncommon trap: trap_request=0xffffff45 fr.pc=0x00000263bef322e4 relative=0x00000000000005c4
Event: 10.419 Thread 0x00000263d1aa7370 Uncommon trap: reason=unstable_if action=reinterpret pc=0x00000263bef322e4 method=java.util.Properties$LineReader.readLine()I @ 95 c2
Event: 10.419 Thread 0x00000263d1aa7370 DEOPT PACKING pc=0x00000263bef322e4 sp=0x0000007b4baf9b20
Event: 10.419 Thread 0x00000263d1aa7370 DEOPT UNPACKING pc=0x00000263be9346a2 sp=0x0000007b4baf9ad0 mode 2
Event: 10.811 Thread 0x00000263d1aa7370 Uncommon trap: trap_request=0xffffffde fr.pc=0x00000263bee931c8 relative=0x00000000000001a8
Event: 10.811 Thread 0x00000263d1aa7370 Uncommon trap: reason=class_check action=maybe_recompile pc=0x00000263bee931c8 method=java.lang.String.equals(Ljava/lang/Object;)Z @ 8 c2
Event: 10.811 Thread 0x00000263d1aa7370 DEOPT PACKING pc=0x00000263bee931c8 sp=0x0000007b4baf9730
Event: 10.811 Thread 0x00000263d1aa7370 DEOPT UNPACKING pc=0x00000263be9346a2 sp=0x0000007b4baf96c8 mode 2
Event: 10.814 Thread 0x00000263d1aa7370 Uncommon trap: trap_request=0xffffffde fr.pc=0x00000263bee931c8 relative=0x00000000000001a8
Event: 10.814 Thread 0x00000263d1aa7370 Uncommon trap: reason=class_check action=maybe_recompile pc=0x00000263bee931c8 method=java.lang.String.equals(Ljava/lang/Object;)Z @ 8 c2
Event: 10.814 Thread 0x00000263d1aa7370 DEOPT PACKING pc=0x00000263bee931c8 sp=0x0000007b4baf9460
Event: 10.814 Thread 0x00000263d1aa7370 DEOPT UNPACKING pc=0x00000263be9346a2 sp=0x0000007b4baf93f8 mode 2

Classes loaded (20 events):
Event: 10.932 Loading class java/nio/file/FileTreeWalker$DirectoryNode
Event: 10.932 Loading class java/nio/file/FileTreeWalker$DirectoryNode done
Event: 10.932 Loading class java/nio/file/FileTreeWalker$Event
Event: 10.932 Loading class java/nio/file/FileTreeWalker$Event done
Event: 10.932 Loading class java/nio/file/FileTreeWalker$EventType
Event: 10.932 Loading class java/nio/file/FileTreeWalker$EventType done
Event: 10.932 Loading class java/nio/file/Files$3
Event: 10.932 Loading class java/nio/file/Files$3 done
Event: 10.934 Loading class java/nio/file/FileVisitResult
Event: 10.934 Loading class java/nio/file/FileVisitResult done
Event: 10.966 Loading class java/util/stream/IntStream
Event: 10.966 Loading class java/util/stream/IntStream done
Event: 10.967 Loading class java/util/stream/Streams$RangeIntSpliterator
Event: 10.967 Loading class java/util/stream/Streams$RangeIntSpliterator done
Event: 10.967 Loading class java/util/stream/IntPipeline$Head
Event: 10.967 Loading class java/util/stream/IntPipeline
Event: 10.968 Loading class java/util/stream/IntPipeline done
Event: 10.968 Loading class java/util/stream/IntPipeline$Head done
Event: 10.971 Loading class java/util/function/IntConsumer
Event: 10.971 Loading class java/util/function/IntConsumer done

Classes unloaded (0 events):
No events

Classes redefined (0 events):
No events

Internal exceptions (20 events):
Event: 9.818 Thread 0x00000263d1aa7370 Exception <a 'java/lang/NoSuchMethodError'{0x0000000083a1b490}: static Lorg/jetbrains/plugins/gradle/model/ExternalProjectDependency;.<clinit>()V> (0x0000000083a1b490) 
thrown [s\src\hotspot\share\prims\jni.cpp, line 1144]
Event: 9.820 Thread 0x00000263d1aa7370 Exception <a 'java/lang/NoSuchMethodError'{0x0000000083a2b590}: static Lorg/jetbrains/plugins/gradle/model/ExternalLibraryDependency;.<clinit>()V> (0x0000000083a2b590) 
thrown [s\src\hotspot\share\prims\jni.cpp, line 1144]
Event: 9.824 Thread 0x00000263d1aa7370 Exception <a 'java/lang/NoSuchMethodError'{0x0000000083a3b060}: static Lorg/jetbrains/plugins/gradle/model/FileCollectionDependency;.<clinit>()V> (0x0000000083a3b060) 
thrown [s\src\hotspot\share\prims\jni.cpp, line 1144]
Event: 9.830 Thread 0x00000263d1aa7370 Exception <a 'java/lang/NoSuchMethodError'{0x0000000083a4a690}: static Lorg/jetbrains/plugins/gradle/model/UnresolvedExternalDependency;.<clinit>()V> (0x0000000083a4a690) 
thrown [s\src\hotspot\share\prims\jni.cpp, line 1144]
Event: 9.858 Thread 0x00000263d1aa7370 Exception <a 'java/lang/NoSuchMethodError'{0x000000008390b230}: static Lorg/gradle/tooling/internal/consumer/versioning/VersionDetails;.<clinit>()V> (0x000000008390b230) 
thrown [s\src\hotspot\share\prims\jni.cpp, line 1144]
Event: 9.859 Thread 0x00000263d1aa7370 Exception <a 'java/lang/NoSuchMethodError'{0x000000008390dea0}: static Lorg/gradle/tooling/internal/consumer/versioning/VersionDetails$R26VersionDetails;.<clinit>()V> (0x000000008390dea0) 
thrown [s\src\hotspot\share\prims\jni.cpp, line 1144]
Event: 9.859 Thread 0x00000263d1aa7370 Exception <a 'java/lang/NoSuchMethodError'{0x000000008390f538}: static Lorg/gradle/tooling/internal/consumer/versioning/VersionDetails$R28VersionDetails;.<clinit>()V> (0x000000008390f538) 
thrown [s\src\hotspot\share\prims\jni.cpp, line 1144]
Event: 9.860 Thread 0x00000263d1aa7370 Exception <a 'java/lang/NoSuchMethodError'{0x0000000083910ae0}: static Lorg/gradle/tooling/internal/consumer/versioning/VersionDetails$R35VersionDetails;.<clinit>()V> (0x0000000083910ae0) 
thrown [s\src\hotspot\share\prims\jni.cpp, line 1144]
Event: 9.860 Thread 0x00000263d1aa7370 Exception <a 'java/lang/NoSuchMethodError'{0x0000000083912250}: static Lorg/gradle/tooling/internal/consumer/versioning/VersionDetails$R44VersionDetails;.<clinit>()V> (0x0000000083912250) 
thrown [s\src\hotspot\share\prims\jni.cpp, line 1144]
Event: 9.860 Thread 0x00000263d1aa7370 Exception <a 'java/lang/NoSuchMethodError'{0x00000000839138f8}: static Lorg/gradle/tooling/internal/consumer/versioning/VersionDetails$R48VersionDetails;.<clinit>()V> (0x00000000839138f8) 
thrown [s\src\hotspot\share\prims\jni.cpp, line 1144]
Event: 9.860 Thread 0x00000263d1aa7370 Exception <a 'java/lang/NoSuchMethodError'{0x0000000083914b90}: static Lorg/gradle/tooling/internal/consumer/versioning/VersionDetails$R51VersionDetails;.<clinit>()V> (0x0000000083914b90) 
thrown [s\src\hotspot\share\prims\jni.cpp, line 1144]
Event: 9.868 Thread 0x00000263d1aa7370 Exception <a 'java/lang/NoSuchMethodError'{0x0000000083938dd0}: 'java.lang.Object java.lang.invoke.DirectMethodHandle$Holder.newInvokeSpecial(java.lang.Object, java.lang.Object, java.lang.Object, int)'> (0x0000000083938dd0) 
thrown [s\src\hotspot\share\interpreter\linkResolver.cpp, line 784]
Event: 9.869 Thread 0x00000263d1aa7370 Exception <a 'java/lang/NoSuchMethodError'{0x000000008393d238}: 'java.lang.Object java.lang.invoke.DirectMethodHandle$Holder.invokeSpecial(java.lang.Object, java.lang.Object, java.lang.Object, java.lang.Object, int)'> (0x000000008393d238) 
thrown [s\src\hotspot\share\interpreter\linkResolver.cpp, line 784]
Event: 9.870 Thread 0x00000263d1aa7370 Exception <a 'java/lang/NoSuchMethodError'{0x0000000083940e40}: 'java.lang.Object java.lang.invoke.Invokers$Holder.linkToTargetMethod(java.lang.Object, java.lang.Object, int, java.lang.Object)'> (0x0000000083940e40) 
thrown [s\src\hotspot\share\interpreter\linkResolver.cpp, line 784]
Event: 10.188 Thread 0x00000263d1aa7370 Exception <a 'java/lang/NoSuchMethodError'{0x00000000846df158}: 'void java.lang.invoke.DirectMethodHandle$Holder.invokeStaticInit(java.lang.Object, java.lang.Object, java.lang.Object, java.lang.Object)'> (0x00000000846df158) 
thrown [s\src\hotspot\share\interpreter\linkResolver.cpp, line 784]
Event: 10.481 Thread 0x00000263d1aa7370 Exception <a 'java/lang/NoSuchMethodError'{0x0000000083c99ea0}: 'void java.lang.invoke.DirectMethodHandle$Holder.invokeInterface(java.lang.Object, java.lang.Object, java.lang.Object, java.lang.Object, java.lang.Object)'> (0x0000000083c99ea0) 
thrown [s\src\hotspot\share\interpreter\linkResolver.cpp, line 784]
Event: 10.508 Thread 0x00000263d1aa7370 Exception <a 'java/lang/NoSuchMethodError'{0x0000000083ce4f20}: 'void java.lang.invoke.DirectMethodHandle$Holder.invokeStatic(java.lang.Object, java.lang.Object, java.lang.Object, java.lang.Object, java.lang.Object, java.lang.Object)'> (0x0000000083ce4f20) 
thrown [s\src\hotspot\share\interpreter\linkResolver.cpp, line 784]
Event: 10.882 Thread 0x00000263d1aa7370 Exception <a 'java/lang/IncompatibleClassChangeError'{0x00000000844e76b8}: Found class java.lang.Object, but interface was expected> (0x00000000844e76b8) 
thrown [s\src\hotspot\share\interpreter\linkResolver.cpp, line 851]
Event: 10.963 Thread 0x00000263d1aa7370 Exception <a 'java/lang/NoSuchMethodError'{0x00000000842741e0}: 'java.lang.Object java.lang.invoke.DirectMethodHandle$Holder.invokeVirtual(java.lang.Object, java.lang.Object, int)'> (0x00000000842741e0) 
thrown [s\src\hotspot\share\interpreter\linkResolver.cpp, line 784]
Event: 10.972 Thread 0x00000263d1aa7370 Exception <a 'java/lang/NoSuchMethodError'{0x00000000842a7b70}: 'void java.lang.invoke.DirectMethodHandle$Holder.invokeStatic(java.lang.Object, java.lang.Object, java.lang.Object, int)'> (0x00000000842a7b70) 
thrown [s\src\hotspot\share\interpreter\linkResolver.cpp, line 784]

ZGC Phase Switch (0 events):
No events

VM Operations (20 events):
Event: 8.677 Executing VM operation: Cleanup done
Event: 9.053 Executing VM operation: CollectForMetadataAllocation (Metadata GC Threshold)
Event: 9.060 Executing VM operation: CollectForMetadataAllocation (Metadata GC Threshold) done
Event: 9.076 Executing VM operation: HandshakeAllThreads (Deoptimize)
Event: 9.076 Executing VM operation: HandshakeAllThreads (Deoptimize) done
Event: 9.081 Executing VM operation: G1PauseRemark
Event: 9.086 Executing VM operation: G1PauseRemark done
Event: 9.093 Executing VM operation: G1PauseCleanup
Event: 9.093 Executing VM operation: G1PauseCleanup done
Event: 10.060 Executing VM operation: G1CollectForAllocation (G1 Evacuation Pause)
Event: 10.069 Executing VM operation: G1CollectForAllocation (G1 Evacuation Pause) done
Event: 10.425 Executing VM operation: HandshakeAllThreads (Deoptimize)
Event: 10.425 Executing VM operation: HandshakeAllThreads (Deoptimize) done
Event: 10.545 Executing VM operation: G1CollectForAllocation (G1 Evacuation Pause)
Event: 10.550 Executing VM operation: G1CollectForAllocation (G1 Evacuation Pause) done
Event: 10.891 Executing VM operation: HandshakeAllThreads (Deoptimize)
Event: 10.892 Executing VM operation: HandshakeAllThreads (Deoptimize) done
Event: 11.061 Executing VM operation: G1CollectForAllocation (G1 Evacuation Pause)
Event: 11.065 Executing VM operation: G1CollectForAllocation (G1 Evacuation Pause) done
Event: 11.093 Executing VM operation: G1PauseRemark

Memory protections (0 events):
No events

Nmethod flushes (20 events):
Event: 11.096 Thread 0x00000263cb9512a0 flushing  nmethod 0x00000263b76ddc90
Event: 11.096 Thread 0x00000263cb9512a0 flushing  nmethod 0x00000263b76de510
Event: 11.096 Thread 0x00000263cb9512a0 flushing  nmethod 0x00000263b7777610
Event: 11.096 Thread 0x00000263cb9512a0 flushing  nmethod 0x00000263b77c1210
Event: 11.096 Thread 0x00000263cb9512a0 flushing  nmethod 0x00000263b7809090
Event: 11.096 Thread 0x00000263cb9512a0 flushing  nmethod 0x00000263b780dd10
Event: 11.096 Thread 0x00000263cb9512a0 flushing  nmethod 0x00000263b79ce410
Event: 11.096 Thread 0x00000263cb9512a0 flushing  nmethod 0x00000263b79cfc10
Event: 11.096 Thread 0x00000263cb9512a0 flushing  nmethod 0x00000263bef33d10
Event: 11.096 Thread 0x00000263cb9512a0 flushing  nmethod 0x00000263bef6d290
Event: 11.096 Thread 0x00000263cb9512a0 flushing  nmethod 0x00000263b73bc810
Event: 11.096 Thread 0x00000263cb9512a0 flushing  nmethod 0x00000263b740ee10
Event: 11.096 Thread 0x00000263cb9512a0 flushing  nmethod 0x00000263b74bf390
Event: 11.096 Thread 0x00000263cb9512a0 flushing  nmethod 0x00000263b7519910
Event: 11.096 Thread 0x00000263cb9512a0 flushing  nmethod 0x00000263b751a990
Event: 11.096 Thread 0x00000263cb9512a0 flushing  nmethod 0x00000263b751c990
Event: 11.096 Thread 0x00000263cb9512a0 flushing  nmethod 0x00000263b751d610
Event: 11.096 Thread 0x00000263cb9512a0 flushing  nmethod 0x00000263b7526b90
Event: 11.096 Thread 0x00000263cb9512a0 flushing  nmethod 0x00000263b7596210
Event: 11.096 Thread 0x00000263cb9512a0 flushing  nmethod 0x00000263b777e590

Events (20 events):
Event: 3.838 Thread 0x00000263d1aa7370 Thread added: 0x00000263d192cbe0
Event: 3.854 Thread 0x00000263d1aa7370 Thread added: 0x00000263d192d900
Event: 3.862 Thread 0x00000263d1aa7370 Thread added: 0x00000263d192f9d0
Event: 5.023 Thread 0x00000263d1aa7370 Thread added: 0x00000263d192f340
Event: 5.074 Thread 0x00000263d1aa7370 Thread added: 0x00000263d192c550
Event: 5.142 Thread 0x00000263d1aa7370 Thread added: 0x00000263d192ecb0
Event: 6.840 Thread 0x00000263cbaf2090 Thread added: 0x00000263d1be5bf0
Event: 7.891 Thread 0x00000263d1aa7370 Thread added: 0x00000263d192e620
Event: 7.969 Thread 0x00000263d1aa7370 Thread added: 0x00000263d192d270
Event: 8.487 Thread 0x00000263d1be5bf0 Thread exited: 0x00000263d1be5bf0
Event: 8.889 Thread 0x00000263d1aa7370 Thread added: 0x00000263d21faf30
Event: 8.908 Thread 0x00000263d1aa7370 Thread added: 0x00000263d21f6070
Event: 9.242 Thread 0x00000263d1aa7370 Thread added: 0x00000263d21f94f0
Event: 9.243 Thread 0x00000263d1aa7370 Thread added: 0x00000263d21f6d90
Event: 9.243 Thread 0x00000263d1aa7370 Thread added: 0x00000263d21fc970
Event: 9.243 Thread 0x00000263d1aa7370 Thread added: 0x00000263d21fd000
Event: 9.243 Thread 0x00000263d1aa7370 Thread added: 0x00000263d21fb5c0
Event: 9.243 Thread 0x00000263d1aa7370 Thread added: 0x00000263d21fbc50
Event: 9.244 Thread 0x00000263d1aa7370 Thread added: 0x00000263d21f8140
Event: 9.244 Thread 0x00000263d1aa7370 Thread added: 0x00000263d21f87d0


Dynamic libraries:
0x00007ff698210000 - 0x00007ff69821a000 	C:\Program Files\Android\Android Studio\jbr\bin\java.exe
0x00007ffc94790000 - 0x00007ffc949a7000 	C:\WINDOWS\SYSTEM32\ntdll.dll
0x00007ffc93ba0000 - 0x00007ffc93c64000 	C:\WINDOWS\System32\KERNEL32.DLL
0x00007ffc91eb0000 - 0x00007ffc92280000 	C:\WINDOWS\System32\KERNELBASE.dll
0x00007ffc92300000 - 0x00007ffc92411000 	C:\WINDOWS\System32\ucrtbase.dll
0x00007ffc7f030000 - 0x00007ffc7f048000 	C:\Program Files\Android\Android Studio\jbr\bin\jli.dll
0x00007ffc42430000 - 0x00007ffc4244b000 	C:\Program Files\Android\Android Studio\jbr\bin\VCRUNTIME140.dll
0x00007ffc94580000 - 0x00007ffc94731000 	C:\WINDOWS\System32\USER32.dll
0x00007ffc7b7f0000 - 0x00007ffc7ba8c000 	C:\WINDOWS\WinSxS\amd64_microsoft.windows.common-controls_6595b64144ccf1df_6.0.22621.5840_none_2710ea077384a4fe\COMCTL32.dll
0x00007ffc91e80000 - 0x00007ffc91ea6000 	C:\WINDOWS\System32\win32u.dll
0x00007ffc93730000 - 0x00007ffc93759000 	C:\WINDOWS\System32\GDI32.dll
0x00007ffc94290000 - 0x00007ffc94337000 	C:\WINDOWS\System32\msvcrt.dll
0x00007ffc918c0000 - 0x00007ffc919e3000 	C:\WINDOWS\System32\gdi32full.dll
0x00007ffc91b60000 - 0x00007ffc91bfa000 	C:\WINDOWS\System32\msvcp_win.dll
0x00007ffc93b60000 - 0x00007ffc93b91000 	C:\WINDOWS\System32\IMM32.DLL
0x00007ffc61f40000 - 0x00007ffc61f4c000 	C:\Program Files\Android\Android Studio\jbr\bin\vcruntime140_1.dll
0x00007ffc75b10000 - 0x00007ffc75b9d000 	C:\Program Files\Android\Android Studio\jbr\bin\msvcp140.dll
0x00007ffc304b0000 - 0x00007ffc31146000 	C:\Program Files\Android\Android Studio\jbr\bin\server\jvm.dll
0x00007ffc941d0000 - 0x00007ffc94281000 	C:\WINDOWS\System32\ADVAPI32.dll
0x00007ffc93eb0000 - 0x00007ffc93f58000 	C:\WINDOWS\System32\sechost.dll
0x00007ffc91890000 - 0x00007ffc918b8000 	C:\WINDOWS\System32\bcrypt.dll
0x00007ffc93f80000 - 0x00007ffc94098000 	C:\WINDOWS\System32\RPCRT4.dll
0x00007ffc92420000 - 0x00007ffc92491000 	C:\WINDOWS\System32\WS2_32.dll
0x00007ffc90680000 - 0x00007ffc906cd000 	C:\WINDOWS\SYSTEM32\POWRPROF.dll
0x00007ffc8cc30000 - 0x00007ffc8cc64000 	C:\WINDOWS\SYSTEM32\WINMM.dll
0x00007ffc887e0000 - 0x00007ffc887ea000 	C:\WINDOWS\SYSTEM32\VERSION.dll
0x00007ffc90660000 - 0x00007ffc90673000 	C:\WINDOWS\SYSTEM32\UMPDC.dll
0x00007ffc90920000 - 0x00007ffc90938000 	C:\WINDOWS\SYSTEM32\kernel.appcore.dll
0x00007ffc612a0000 - 0x00007ffc612aa000 	C:\Program Files\Android\Android Studio\jbr\bin\jimage.dll
0x00007ffc8b440000 - 0x00007ffc8b673000 	C:\WINDOWS\SYSTEM32\DBGHELP.DLL
0x00007ffc924a0000 - 0x00007ffc92831000 	C:\WINDOWS\System32\combase.dll
0x00007ffc94340000 - 0x00007ffc94418000 	C:\WINDOWS\System32\OLEAUT32.dll
0x00007ffc79350000 - 0x00007ffc79382000 	C:\WINDOWS\SYSTEM32\dbgcore.DLL
0x00007ffc91e00000 - 0x00007ffc91e7b000 	C:\WINDOWS\System32\bcryptPrimitives.dll
0x00007ffc8ab80000 - 0x00007ffc8ab8e000 	C:\Program Files\Android\Android Studio\jbr\bin\instrument.dll
0x00007ffc42160000 - 0x00007ffc42180000 	C:\Program Files\Android\Android Studio\jbr\bin\java.dll
0x00007ffc3fa50000 - 0x00007ffc3fa68000 	C:\Program Files\Android\Android Studio\jbr\bin\zip.dll
0x00007ffc92a00000 - 0x00007ffc932a1000 	C:\WINDOWS\System32\SHELL32.dll
0x00007ffc91cc0000 - 0x00007ffc91dff000 	C:\WINDOWS\System32\wintypes.dll
0x00007ffc8f720000 - 0x00007ffc9003a000 	C:\WINDOWS\SYSTEM32\windows.storage.dll
0x00007ffc93c70000 - 0x00007ffc93d7a000 	C:\WINDOWS\System32\SHCORE.dll
0x00007ffc93db0000 - 0x00007ffc93e19000 	C:\WINDOWS\System32\shlwapi.dll
0x00007ffc917c0000 - 0x00007ffc917e5000 	C:\WINDOWS\SYSTEM32\profapi.dll
0x00007ffc5f730000 - 0x00007ffc5f740000 	C:\Program Files\Android\Android Studio\jbr\bin\net.dll
0x00007ffc8c4c0000 - 0x00007ffc8c5ec000 	C:\WINDOWS\SYSTEM32\WINHTTP.dll
0x00007ffc90e30000 - 0x00007ffc90e99000 	C:\WINDOWS\system32\mswsock.dll
0x00007ffc3edf0000 - 0x00007ffc3ee06000 	C:\Program Files\Android\Android Studio\jbr\bin\nio.dll
0x00007ffc56820000 - 0x00007ffc56830000 	C:\Program Files\Android\Android Studio\jbr\bin\verify.dll
0x00007ffc7df20000 - 0x00007ffc7df47000 	C:\Users\miche\.gradle\native\1def1411415f61bf3af743bc5b6707747c0891f09f0c88961ee8f79bc544acac\windows-amd64\native-platform.dll
0x00007ffc78400000 - 0x00007ffc78478000 	C:\Users\miche\.gradle\native\0.2.7\x86_64-windows-gnu\gradle-fileevents.dll
0x00007ffc5b5d0000 - 0x00007ffc5b5d9000 	C:\Program Files\Android\Android Studio\jbr\bin\management.dll
0x00007ffc57360000 - 0x00007ffc5736b000 	C:\Program Files\Android\Android Studio\jbr\bin\management_ext.dll
0x00007ffc94740000 - 0x00007ffc94748000 	C:\WINDOWS\System32\PSAPI.DLL
0x00007ffc90300000 - 0x00007ffc9032d000 	C:\WINDOWS\SYSTEM32\IPHLPAPI.DLL
0x00007ffc93e20000 - 0x00007ffc93e29000 	C:\WINDOWS\System32\NSI.dll
0x00007ffc5ec30000 - 0x00007ffc5ec39000 	C:\Program Files\Android\Android Studio\jbr\bin\extnet.dll
0x00007ffc91080000 - 0x00007ffc9109b000 	C:\WINDOWS\SYSTEM32\CRYPTSP.dll
0x00007ffc90880000 - 0x00007ffc908b7000 	C:\WINDOWS\system32\rsaenh.dll
0x00007ffc90f20000 - 0x00007ffc90f48000 	C:\WINDOWS\SYSTEM32\USERENV.dll
0x00007ffc910a0000 - 0x00007ffc910ac000 	C:\WINDOWS\SYSTEM32\CRYPTBASE.dll
0x00007ffc17b40000 - 0x00007ffc17b48000 	C:\WINDOWS\system32\wshunix.dll

JVMTI agents:
C:\Users\miche\.gradle\wrapper\dists\gradle-8.13-bin\5xuhj0ry160q40clulazy9h7d\gradle-8.13\lib\agents\gradle-instrumentation-agent-8.13.jar path:C:\Program Files\Android\Android Studio\jbr\bin\instrument.dll, loaded, initialized, instrumentlib options:none

dbghelp: loaded successfully - version: 4.0.5 - missing functions: none
symbol engine: initialized successfully - sym options: 0x614 - pdb path: .;C:\Program Files\Android\Android Studio\jbr\bin;C:\WINDOWS\SYSTEM32;C:\WINDOWS\WinSxS\amd64_microsoft.windows.common-controls_6595b64144ccf1df_6.0.22621.5840_none_2710ea077384a4fe;C:\Program Files\Android\Android Studio\jbr\bin\server;C:\Users\miche\.gradle\native\1def1411415f61bf3af743bc5b6707747c0891f09f0c88961ee8f79bc544acac\windows-amd64;C:\Users\miche\.gradle\native\0.2.7\x86_64-windows-gnu

VM Arguments:
jvm_args: --add-opens=java.base/java.lang=ALL-UNNAMED --add-opens=java.base/java.lang.invoke=ALL-UNNAMED --add-opens=java.base/java.util=ALL-UNNAMED --add-opens=java.prefs/java.util.prefs=ALL-UNNAMED --add-exports=jdk.compiler/com.sun.tools.javac.api=ALL-UNNAMED --add-exports=jdk.compiler/com.sun.tools.javac.util=ALL-UNNAMED --add-opens=java.base/java.util=ALL-UNNAMED --add-opens=java.prefs/java.util.prefs=ALL-UNNAMED --add-opens=java.base/java.nio.charset=ALL-UNNAMED --add-opens=java.base/java.net=ALL-UNNAMED --add-opens=java.base/java.util.concurrent.atomic=ALL-UNNAMED --add-opens=java.xml/javax.xml.namespace=ALL-UNNAMED -Xmx2048m -Dfile.encoding=UTF-8 -Duser.country=IE -Duser.language=en -Duser.variant -javaagent:C:\Users\miche\.gradle\wrapper\dists\gradle-8.13-bin\5xuhj0ry160q40clulazy9h7d\gradle-8.13\lib\agents\gradle-instrumentation-agent-8.13.jar 
java_command: org.gradle.launcher.daemon.bootstrap.GradleDaemon 8.13
java_class_path (initial): C:\Users\miche\.gradle\wrapper\dists\gradle-8.13-bin\5xuhj0ry160q40clulazy9h7d\gradle-8.13\lib\gradle-daemon-main-8.13.jar
Launcher Type: SUN_STANDARD

[Global flags]
     intx CICompilerCount                          = 4                                         {product} {ergonomic}
     uint ConcGCThreads                            = 2                                         {product} {ergonomic}
     uint G1ConcRefinementThreads                  = 8                                         {product} {ergonomic}
   size_t G1HeapRegionSize                         = 1048576                                   {product} {ergonomic}
    uintx GCDrainStackTargetSize                   = 64                                        {product} {ergonomic}
   size_t InitialHeapSize                          = 100663296                                 {product} {ergonomic}
   size_t MarkStackSize                            = 4194304                                   {product} {ergonomic}
   size_t MaxHeapSize                              = 2147483648                                {product} {command line}
   size_t MaxNewSize                               = 1287651328                                {product} {ergonomic}
   size_t MinHeapDeltaBytes                        = 1048576                                   {product} {ergonomic}
   size_t MinHeapSize                              = 8388608                                   {product} {ergonomic}
    uintx NonNMethodCodeHeapSize                   = 5839372                                {pd product} {ergonomic}
    uintx NonProfiledCodeHeapSize                  = 122909434                              {pd product} {ergonomic}
    uintx ProfiledCodeHeapSize                     = 122909434                              {pd product} {ergonomic}
    uintx ReservedCodeCacheSize                    = 251658240                              {pd product} {ergonomic}
     bool SegmentedCodeCache                       = true                                      {product} {ergonomic}
   size_t SoftMaxHeapSize                          = 2147483648                             {manageable} {ergonomic}
     bool UseCompressedOops                        = true                           {product lp64_product} {ergonomic}
     bool UseG1GC                                  = true                                      {product} {ergonomic}
     bool UseLargePagesIndividualAllocation        = false                                  {pd product} {ergonomic}

Logging:
Log output configuration:
 #0: stdout all=warning uptime,level,tags foldmultilines=false
 #1: stderr all=off uptime,level,tags foldmultilines=false

Environment Variables:
PATH=C:\Program Files (x86)\VMware\VMware Player\bin\;C:\Program Files\Common Files\Oracle\Java\javapath;C:\WINDOWS\system32;C:\WINDOWS;C:\WINDOWS\System32\Wbem;C:\WINDOWS\System32\WindowsPowerShell\v1.0\;C:\WINDOWS\System32\OpenSSH\;C:\Program Files\dotnet\;C:\Program Files\Git\cmd;C:\Program Files\PuTTY\;C:\Program Files (x86)\Gpg4win\..\GnuPG\bin;C:\Program Files (x86)\Windows Kits\10\Windows Performance Toolkit\;C:\Program Files\nodejs\;C:\MongoshFiles\mongosh-2.3.1-win32-x64\bin;C:\Program Files\MongoDB\Server\8.0\bin;C:\Program Files\MongoDB\Tools\100\bin;C:\Program Files\Go\bin;C:\Program Files\Amazon\AWSCLIV2\;C:\Program Files\Git LFS;C:\Program Files\MySQL\MySQL Shell 8.0\bin\;C:\Users\miche\AppData\Local\Microsoft\WindowsApps;C:\Program Files (x86)\Brackets\;C:\Users\miche\AppData\Roaming\npm;C:\Users\miche\AppData\Local\Programs\Microsoft VS Code\bin;C:\Users\miche\.dotnet\tools;C:\Users\miche\go\bin;C:\Users\miche\AppData\Local\Programs\CLion 2025.2.1\bin;C:\Users\miche\OneDrive\Desktop\platform-tools;
USERNAME=miche
OS=Windows_NT
PROCESSOR_IDENTIFIER=AMD64 Family 23 Model 24 Stepping 1, AuthenticAMD
TMP=C:\Users\miche\AppData\Local\Temp
TEMP=C:\Users\miche\AppData\Local\Temp




Periodic native trim disabled

JNI global refs:
JNI global refs: 25, weak refs: 0

JNI global refs memory usage: 835, weak refs: 833

Process memory usage:
Resident Set Size: 204180K (3% of 6174988K total physical memory with 267020K free physical memory)

OOME stack traces (most recent first):
Classloader memory used:
Loader bootstrap                                                                       : 18211K
Loader org.gradle.internal.classloader.VisitableURLClassLoader                         : 17617K
Loader org.gradle.initialization.MixInLegacyTypesClassLoader                           : 2835K
Loader org.gradle.internal.classloader.VisitableURLClassLoader                         : 727K
Loader jdk.internal.loader.ClassLoaders$AppClassLoader                                 : 236K
Loader jdk.internal.reflect.DelegatingClassLoader                                      : 152K
Loader jdk.internal.loader.ClassLoaders$PlatformClassLoader                            : 133K

Classes loaded by more than one classloader:
Class org.gradle.api.GradleException                                                  : loaded 3 times (x 82B)
Class org.gradle.internal.classloader.FilteringClassLoader                            : loaded 2 times (x 105B)
Class org.gradle.internal.classloader.ClassLoaderHierarchy                            : loaded 2 times (x 70B)
Class org.gradle.api.internal.classpath.ManifestUtil                                  : loaded 2 times (x 71B)
Class org.gradle.internal.operations.MultipleBuildOperationFailures                   : loaded 2 times (x 95B)
Class org.gradle.internal.classloader.DefaultClassLoaderFactory                       : loaded 2 times (x 82B)
Class org.gradle.internal.classloader.ClassLoaderVisitor                              : loaded 2 times (x 76B)
Class org.gradle.api.internal.classpath.EffectiveClassPath                            : loaded 2 times (x 90B)
Class org.gradle.api.internal.DefaultClassPathProvider                                : loaded 2 times (x 76B)
Class [Lorg.gradle.api.internal.ClassPathProvider;                                    : loaded 2 times (x 69B)
Class org.gradle.api.internal.ClassPathProvider                                       : loaded 2 times (x 70B)
Class org.gradle.internal.service.UnknownServiceException                             : loaded 2 times (x 83B)
Class org.gradle.internal.classpath.TransformedClassPath                              : loaded 2 times (x 96B)
Class org.gradle.internal.classloader.InstrumentingClassLoader                        : loaded 2 times (x 70B)
Class org.gradle.internal.service.ServiceLocator                                      : loaded 2 times (x 70B)
Class org.gradle.internal.InternalTransformer                                         : loaded 2 times (x 70B)
Class org.gradle.internal.time.DefaultTimer                                           : loaded 2 times (x 80B)
Class org.gradle.internal.classloader.ClasspathUtil$1                                 : loaded 2 times (x 76B)
Class org.gradle.api.internal.classpath.DefaultModuleRegistry$DefaultModule           : loaded 2 times (x 86B)
Class org.gradle.internal.time.DefaultCountdownTimer                                  : loaded 2 times (x 88B)
Class kotlin.Function                                                                 : loaded 2 times (x 70B)
Class org.gradle.api.internal.classpath.Module                                        : loaded 2 times (x 70B)
Class org.gradle.api.internal.classpath.UnknownModuleException                        : loaded 2 times (x 82B)
Class org.gradle.api.internal.DefaultClassPathRegistry                                : loaded 2 times (x 76B)
Class org.gradle.api.internal.ClassPathRegistry                                       : loaded 2 times (x 70B)
Class org.gradle.internal.classpath.DefaultClassPath$ImmutableUniqueList              : loaded 2 times (x 199B)
Class org.gradle.internal.classpath.ClassPath                                         : loaded 2 times (x 70B)
Class org.gradle.api.UncheckedIOException                                             : loaded 2 times (x 82B)
Class kotlin.UninitializedPropertyAccessException                                     : loaded 2 times (x 82B)
Class org.gradle.internal.installation.GradleInstallation$1                           : loaded 2 times (x 75B)
Class org.gradle.api.internal.classpath.ModuleRegistry                                : loaded 2 times (x 70B)
Class org.gradle.api.internal.classpath.DefaultModuleRegistry                         : loaded 2 times (x 86B)
Class org.gradle.internal.time.MonotonicClock                                         : loaded 2 times (x 77B)
Class org.gradle.internal.service.ServiceLookupException                              : loaded 2 times (x 82B)
Class org.gradle.internal.classloader.ClassLoaderFactory                              : loaded 2 times (x 70B)
Class org.gradle.internal.service.CachingServiceLocator                               : loaded 2 times (x 82B)
Class org.gradle.internal.time.TimeSource                                             : loaded 2 times (x 70B)
Class org.gradle.internal.exceptions.ResolutionProvider                               : loaded 2 times (x 70B)
Class org.gradle.internal.classloader.ClasspathUtil                                   : loaded 2 times (x 71B)
Class org.gradle.internal.time.TimeSource$1                                           : loaded 2 times (x 77B)
Class org.gradle.api.specs.Spec                                                       : loaded 2 times (x 70B)
Class org.gradle.internal.time.Clock                                                  : loaded 2 times (x 70B)
Class org.gradle.internal.classloader.VisitableURLClassLoader$InstrumentingVisitableURLClassLoader: loaded 2 times (x 123B)
Class org.gradle.internal.classloader.VisitableURLClassLoader$Spec                    : loaded 2 times (x 74B)
Class org.gradle.internal.classpath.DefaultClassPath                                  : loaded 2 times (x 90B)
Class org.gradle.internal.classloader.ClassLoaderSpec                                 : loaded 2 times (x 71B)
Class org.gradle.internal.classloader.VisitableURLClassLoader                         : loaded 2 times (x 117B)
Class org.gradle.internal.Cast                                                        : loaded 2 times (x 71B)
Class org.gradle.api.Action                                                           : loaded 2 times (x 70B)
Class kotlin.jvm.functions.Function1                                                  : loaded 2 times (x 70B)
Class org.gradle.internal.classpath.DefaultClassPath$ImmutableUniqueList$Builder      : loaded 2 times (x 75B)
Class kotlin.NotImplementedError                                                      : loaded 2 times (x 82B)
Class org.gradle.internal.exceptions.NonGradleCauseExceptionsHolder                   : loaded 2 times (x 70B)
Class org.gradle.internal.IoActions                                                   : loaded 2 times (x 71B)
Class org.gradle.internal.classloader.SystemClassLoaderSpec                           : loaded 2 times (x 71B)
Class org.gradle.internal.exceptions.MultiCauseException                              : loaded 2 times (x 70B)
Class org.gradle.internal.time.CountdownTimer                                         : loaded 2 times (x 70B)
Class kotlin.jvm.internal.Intrinsics                                                  : loaded 2 times (x 71B)
Class org.gradle.tooling.model.ProjectModel                                           : loaded 2 times (x 70B)
Class kotlin.KotlinNullPointerException                                               : loaded 2 times (x 83B)
Class org.gradle.internal.exceptions.DefaultMultiCauseException                       : loaded 2 times (x 95B)
Class org.gradle.internal.time.Time                                                   : loaded 2 times (x 71B)
Class org.gradle.api.internal.classpath.GlobalCacheRootsProvider                      : loaded 2 times (x 70B)
Class org.gradle.internal.time.Timer                                                  : loaded 2 times (x 70B)
Class org.gradle.internal.installation.CurrentGradleInstallationLocator               : loaded 2 times (x 71B)
Class org.gradle.internal.service.DefaultServiceLocator                               : loaded 2 times (x 83B)
Class org.gradle.util.GradleVersion                                                   : loaded 2 times (x 79B)
Class org.gradle.internal.installation.CurrentGradleInstallation                      : loaded 2 times (x 73B)
Class org.gradle.util.internal.GUtil                                                  : loaded 2 times (x 71B)
Class org.gradle.internal.installation.GradleInstallation                             : loaded 2 times (x 75B)

---------------  S Y S T E M  ---------------

OS:
 Windows 11 , 64 bit Build 22621 (10.0.22621.5415)
OS uptime: 0 days 11:19 hours
Hyper-V role detected

CPU: total 8 (initial active 8) (8 cores per cpu, 2 threads per core) family 23 model 24 stepping 1 microcode 0x0, cx8, cmov, fxsr, ht, mmx, 3dnowpref, sse, sse2, sse3, ssse3, sse4a, sse4.1, sse4.2, popcnt, lzcnt, tsc, tscinvbit, avx, avx2, aes, clmul, bmi1, bmi2, adx, sha, fma, vzeroupper, clflush, clflushopt, hv, rdtscp, f16c
Processor Information for the first 8 processors :
  Max Mhz: 2100, Current Mhz: 2100, Mhz Limit: 2100

Memory: 4k page, system-wide physical 6030M (260M free)
TotalPageFile size 24462M (AvailPageFile size 5M)
current process WorkingSet (physical memory assigned to process): 199M, peak: 218M
current process commit charge ("private bytes"): 242M, peak: 263M

vm_info: OpenJDK 64-Bit Server VM (21.0.8+-14018985-b1038.68) for windows-amd64 JRE (21.0.8+-14018985-b1038.68), built on 2025-08-29T19:56:34Z by "builder" with MS VC++ 16.10 / 16.11 (VS2019)

END.
