#
# There is insufficient memory for the Java Runtime Environment to continue.
# Native memory allocation (mmap) failed to map 7340032 bytes. Error detail: G1 virtual space
# Possible reasons:
#   The system is out of physical RAM or swap space
#   This process is running with CompressedOops enabled, and the Java Heap may be blocking the growth of the native heap
# Possible solutions:
#   Reduce memory load on the system
#   Increase physical memory or swap space
#   Check if swap backing store is full
#   Decrease Java heap size (-Xmx/-Xms)
#   Decrease number of Java threads
#   Decrease Java thread stack sizes (-Xss)
#   Set larger code cache with -XX:ReservedCodeCacheSize=
#   JVM is running with Unscaled Compressed Oops mode in which the Java heap is
#     placed in the first 4GB address space. The Java Heap base address is the
#     maximum limit for the native heap growth. Please use -XX:HeapBaseMinAddress
#     to set the Java Heap base and to place the Java Heap above 4GB virtual address.
# This output file may be truncated or incomplete.
#
#  Out of Memory Error (os_windows.cpp:3925), pid=21460, tid=9728
#
# JRE version: OpenJDK Runtime Environment (21.0.8) (build 21.0.8+-14018985-b1038.68)
# Java VM: OpenJDK 64-Bit Server VM (21.0.8+-14018985-b1038.68, mixed mode, tiered, compressed oops, compressed class ptrs, g1 gc, windows-amd64)
# No core dump will be written. Minidumps are not enabled by default on client versions of Windows
#

---------------  S U M M A R Y ------------

Command Line: --add-opens=java.base/java.lang=ALL-UNNAMED --add-opens=java.base/java.lang.invoke=ALL-UNNAMED --add-opens=java.base/java.util=ALL-UNNAMED --add-opens=java.prefs/java.util.prefs=ALL-UNNAMED --add-exports=jdk.compiler/com.sun.tools.javac.api=ALL-UNNAMED --add-exports=jdk.compiler/com.sun.tools.javac.util=ALL-UNNAMED --add-opens=java.base/java.util=ALL-UNNAMED --add-opens=java.prefs/java.util.prefs=ALL-UNNAMED --add-opens=java.base/java.nio.charset=ALL-UNNAMED --add-opens=java.base/java.net=ALL-UNNAMED --add-opens=java.base/java.util.concurrent.atomic=ALL-UNNAMED --add-opens=java.xml/javax.xml.namespace=ALL-UNNAMED -Xmx2048m -Dfile.encoding=UTF-8 -Duser.country=IE -Duser.language=en -Duser.variant -javaagent:C:\Users\miche\.gradle\wrapper\dists\gradle-8.13-bin\5xuhj0ry160q40clulazy9h7d\gradle-8.13\lib\agents\gradle-instrumentation-agent-8.13.jar org.gradle.launcher.daemon.bootstrap.GradleDaemon 8.13

Host: AMD Ryzen 5 3500U with Radeon Vega Mobile Gfx  , 8 cores, 5G,  Windows 11 , 64 bit Build 22621 (10.0.22621.5415)
Time: Thu Oct 23 19:58:40 2025 GMT Daylight Time elapsed time: 7.894895 seconds (0d 0h 0m 7s)

---------------  T H R E A D  ---------------

Current thread (0x0000022aebb90370):  VMThread "VM Thread"          [id=9728, stack(0x0000009af0e00000,0x0000009af0f00000) (1024K)]

Stack: [0x0000009af0e00000,0x0000009af0f00000]
Native frames: (J=compiled Java code, j=interpreted, Vv=VM code, C=native code)
V  [jvm.dll+0x6d68d9]
V  [jvm.dll+0x866693]
V  [jvm.dll+0x868c4e]
V  [jvm.dll+0x869333]
V  [jvm.dll+0x280566]
V  [jvm.dll+0x6d3195]
V  [jvm.dll+0x6c69ea]
V  [jvm.dll+0x3586db]
V  [jvm.dll+0x360336]
V  [jvm.dll+0x3b23f6]
V  [jvm.dll+0x3b26c8]
V  [jvm.dll+0x32ae6c]
V  [jvm.dll+0x32d806]
V  [jvm.dll+0x3376dd]
V  [jvm.dll+0x36ee15]
V  [jvm.dll+0x86f0b8]
V  [jvm.dll+0x870434]
V  [jvm.dll+0x870970]
V  [jvm.dll+0x870c03]
V  [jvm.dll+0x80eac8]
V  [jvm.dll+0x6d512d]
C  [ucrtbase.dll+0x29333]
C  [KERNEL32.DLL+0x1259d]
C  [ntdll.dll+0x5af78]

VM_Operation (0x0000009af09ff7d0): G1PauseRemark, mode: safepoint, requested by thread 0x0000022ad43f6010


---------------  P R O C E S S  ---------------

Threads class SMR info:
_java_thread_list=0x0000022af0cba930, length=38, elements={
0x0000022ad434ed20, 0x0000022aebbda070, 0x0000022aebbf1160, 0x0000022aebbf3cd0,
0x0000022aebc04f80, 0x0000022aebc05bf0, 0x0000022aebc06650, 0x0000022aebc0f0c0,
0x0000022aebc115a0, 0x0000022aebc15670, 0x0000022aebf66340, 0x0000022af00b7090,
0x0000022af19ef780, 0x0000022af187f950, 0x0000022af19fd820, 0x0000022af1a14f20,
0x0000022af1a15590, 0x0000022af18ed250, 0x0000022af1bafc00, 0x0000022af18e61b0,
0x0000022af18e4770, 0x0000022af18e6840, 0x0000022af18e4e00, 0x0000022af18e5490,
0x0000022af18e3a50, 0x0000022af38b45e0, 0x0000022af18e5b20, 0x0000022af18e6ed0,
0x0000022af316dad0, 0x0000022af3171c70, 0x0000022af316cdb0, 0x0000022af316fba0,
0x0000022af316f510, 0x0000022af3172300, 0x0000022af3172990, 0x0000022af316ee80,
0x0000022af316d440, 0x0000022af316e160
}

Java Threads: ( => current thread )
  0x0000022ad434ed20 JavaThread "main"                              [_thread_blocked, id=13600, stack(0x0000009af0700000,0x0000009af0800000) (1024K)]
  0x0000022aebbda070 JavaThread "Common-Cleaner"             daemon [_thread_blocked, id=17212, stack(0x0000009af0f00000,0x0000009af1000000) (1024K)]
  0x0000022aebbf1160 JavaThread "Reference Handler"          daemon [_thread_blocked, id=10912, stack(0x0000009af1000000,0x0000009af1100000) (1024K)]
  0x0000022aebbf3cd0 JavaThread "Finalizer"                  daemon [_thread_blocked, id=9580, stack(0x0000009af1100000,0x0000009af1200000) (1024K)]
  0x0000022aebc04f80 JavaThread "Signal Dispatcher"          daemon [_thread_blocked, id=14892, stack(0x0000009af1200000,0x0000009af1300000) (1024K)]
  0x0000022aebc05bf0 JavaThread "Attach Listener"            daemon [_thread_blocked, id=13876, stack(0x0000009af1300000,0x0000009af1400000) (1024K)]
  0x0000022aebc06650 JavaThread "Service Thread"             daemon [_thread_blocked, id=20220, stack(0x0000009af1400000,0x0000009af1500000) (1024K)]
  0x0000022aebc0f0c0 JavaThread "Monitor Deflation Thread"   daemon [_thread_blocked, id=14684, stack(0x0000009af1500000,0x0000009af1600000) (1024K)]
  0x0000022aebc115a0 JavaThread "C2 CompilerThread0"         daemon [_thread_blocked, id=13164, stack(0x0000009af1600000,0x0000009af1700000) (1024K)]
  0x0000022aebc15670 JavaThread "C1 CompilerThread0"         daemon [_thread_blocked, id=1412, stack(0x0000009af1700000,0x0000009af1800000) (1024K)]
  0x0000022aebf66340 JavaThread "Notification Thread"        daemon [_thread_blocked, id=18172, stack(0x0000009af1800000,0x0000009af1900000) (1024K)]
  0x0000022af00b7090 JavaThread "C2 CompilerThread1"         daemon [_thread_blocked, id=20832, stack(0x0000009af1900000,0x0000009af1a00000) (1024K)]
  0x0000022af19ef780 JavaThread "Daemon health stats"               [_thread_blocked, id=16236, stack(0x0000009af1f00000,0x0000009af2000000) (1024K)]
  0x0000022af187f950 JavaThread "Incoming local TCP Connector on port 51228"        [_thread_in_native, id=6336, stack(0x0000009af2000000,0x0000009af2100000) (1024K)]
  0x0000022af19fd820 JavaThread "Daemon periodic checks"            [_thread_blocked, id=9752, stack(0x0000009af2100000,0x0000009af2200000) (1024K)]
  0x0000022af1a14f20 JavaThread "Daemon"                            [_thread_blocked, id=11240, stack(0x0000009af2200000,0x0000009af2300000) (1024K)]
  0x0000022af1a15590 JavaThread "Handler for socket connection from /127.0.0.1:51228 to /127.0.0.1:51229"        [_thread_in_native, id=19220, stack(0x0000009af2300000,0x0000009af2400000) (1024K)]
  0x0000022af18ed250 JavaThread "Cancel handler"                    [_thread_blocked, id=19228, stack(0x0000009af2400000,0x0000009af2500000) (1024K)]
  0x0000022af1bafc00 JavaThread "Daemon worker"                     [_thread_blocked, id=17068, stack(0x0000009af2500000,0x0000009af2600000) (1024K)]
  0x0000022af18e61b0 JavaThread "Asynchronous log dispatcher for DefaultDaemonConnection: socket connection from /127.0.0.1:51228 to /127.0.0.1:51229"        [_thread_blocked, id=15780, stack(0x0000009af2600000,0x0000009af2700000) (1024K)]
  0x0000022af18e4770 JavaThread "Stdin handler"                     [_thread_blocked, id=12496, stack(0x0000009af2a00000,0x0000009af2b00000) (1024K)]
  0x0000022af18e6840 JavaThread "Daemon client event forwarder"        [_thread_blocked, id=8612, stack(0x0000009af2b00000,0x0000009af2c00000) (1024K)]
  0x0000022af18e4e00 JavaThread "Cache worker for journal cache (C:\Users\miche\.gradle\caches\journal-1)"        [_thread_blocked, id=20396, stack(0x0000009af2c00000,0x0000009af2d00000) (1024K)]
  0x0000022af18e5490 JavaThread "File lock request listener"        [_thread_in_native, id=5764, stack(0x0000009af2d00000,0x0000009af2e00000) (1024K)]
  0x0000022af18e3a50 JavaThread "Cache worker for file hash cache (C:\Users\miche\.gradle\caches\8.13\fileHashes)"        [_thread_blocked, id=17004, stack(0x0000009af2e00000,0x0000009af2f00000) (1024K)]
  0x0000022af38b45e0 JavaThread "C2 CompilerThread2"         daemon [_thread_blocked, id=16900, stack(0x0000009af2f00000,0x0000009af3000000) (1024K)]
  0x0000022af18e5b20 JavaThread "Cache worker for file hash cache (C:\Users\miche\AndroidStudioProjects\mobileappca\.gradle\8.13\fileHashes)"        [_thread_blocked, id=19916, stack(0x0000009af3000000,0x0000009af3100000) (1024K)]
  0x0000022af18e6ed0 JavaThread "Cache worker for Build Output Cleanup Cache (C:\Users\miche\AndroidStudioProjects\mobileappca\.gradle\buildOutputCleanup)"        [_thread_blocked, id=10412, stack(0x0000009af3100000,0x0000009af3200000) (1024K)]
  0x0000022af316dad0 JavaThread "File watcher server"        daemon [_thread_in_native, id=20512, stack(0x0000009af3200000,0x0000009af3300000) (1024K)]
  0x0000022af3171c70 JavaThread "File watcher consumer"      daemon [_thread_blocked, id=15092, stack(0x0000009af3300000,0x0000009af3400000) (1024K)]
  0x0000022af316cdb0 JavaThread "jar transforms"                    [_thread_blocked, id=19520, stack(0x0000009af3400000,0x0000009af3500000) (1024K)]
  0x0000022af316fba0 JavaThread "jar transforms Thread 2"           [_thread_blocked, id=18844, stack(0x0000009af3500000,0x0000009af3600000) (1024K)]
  0x0000022af316f510 JavaThread "jar transforms Thread 3"           [_thread_blocked, id=19416, stack(0x0000009af3600000,0x0000009af3700000) (1024K)]
  0x0000022af3172300 JavaThread "jar transforms Thread 4"           [_thread_blocked, id=9000, stack(0x0000009af3700000,0x0000009af3800000) (1024K)]
  0x0000022af3172990 JavaThread "jar transforms Thread 5"           [_thread_blocked, id=120, stack(0x0000009af3800000,0x0000009af3900000) (1024K)]
  0x0000022af316ee80 JavaThread "jar transforms Thread 6"           [_thread_blocked, id=21496, stack(0x0000009af3900000,0x0000009af3a00000) (1024K)]
  0x0000022af316d440 JavaThread "jar transforms Thread 7"           [_thread_blocked, id=20244, stack(0x0000009af3a00000,0x0000009af3b00000) (1024K)]
  0x0000022af316e160 JavaThread "jar transforms Thread 8"           [_thread_blocked, id=12220, stack(0x0000009af3b00000,0x0000009af3c00000) (1024K)]
Total: 38

Other Threads:
=>0x0000022aebb90370 VMThread "VM Thread"                           [id=9728, stack(0x0000009af0e00000,0x0000009af0f00000) (1024K)]
  0x0000022aeb9d90c0 WatcherThread "VM Periodic Task Thread"        [id=13984, stack(0x0000009af0d00000,0x0000009af0e00000) (1024K)]
  0x0000022ad43a7fb0 WorkerThread "GC Thread#0"                     [id=16092, stack(0x0000009af0800000,0x0000009af0900000) (1024K)]
  0x0000022af00c8120 WorkerThread "GC Thread#1"                     [id=10136, stack(0x0000009af1a00000,0x0000009af1b00000) (1024K)]
  0x0000022af03d8650 WorkerThread "GC Thread#2"                     [id=19412, stack(0x0000009af1b00000,0x0000009af1c00000) (1024K)]
  0x0000022af0c265c0 WorkerThread "GC Thread#3"                     [id=11540, stack(0x0000009af1c00000,0x0000009af1d00000) (1024K)]
  0x0000022af0c26960 WorkerThread "GC Thread#4"                     [id=3904, stack(0x0000009af1d00000,0x0000009af1e00000) (1024K)]
  0x0000022af15e2250 WorkerThread "GC Thread#5"                     [id=13744, stack(0x0000009af1e00000,0x0000009af1f00000) (1024K)]
  0x0000022af18e9a20 WorkerThread "GC Thread#6"                     [id=17560, stack(0x0000009af2700000,0x0000009af2800000) (1024K)]
  0x0000022af18e9dc0 WorkerThread "GC Thread#7"                     [id=14304, stack(0x0000009af2800000,0x0000009af2900000) (1024K)]
  0x0000022ad43f6010 ConcurrentGCThread "G1 Main Marker"            [id=14640, stack(0x0000009af0900000,0x0000009af0a00000) (1024K)]
  0x0000022ad43f68c0 WorkerThread "G1 Conc#0"                       [id=8876, stack(0x0000009af0a00000,0x0000009af0b00000) (1024K)]
  0x0000022af18ea160 WorkerThread "G1 Conc#1"                       [id=19168, stack(0x0000009af2900000,0x0000009af2a00000) (1024K)]
  0x0000022aeb8aefc0 ConcurrentGCThread "G1 Refine#0"               [id=14652, stack(0x0000009af0b00000,0x0000009af0c00000) (1024K)]
  0x0000022aeb8af7e0 ConcurrentGCThread "G1 Service"                [id=13852, stack(0x0000009af0c00000,0x0000009af0d00000) (1024K)]
Total: 15

Threads with active compile tasks:
C2 CompilerThread2  7911 3799   !   4       java.lang.ClassLoader::loadClass (121 bytes)
Total: 1

VM state: at safepoint (normal execution)

VM Mutex/Monitor currently owned by a thread:  ([mutex/lock_event])
[0x00007ffc310685b8] Threads_lock - owner thread: 0x0000022aebb90370
[0x00007ffc310686b8] Heap_lock - owner thread: 0x0000022ad43f6010

Heap address: 0x0000000080000000, size: 2048 MB, Compressed Oops mode: 32-bit

CDS archive(s) not mapped
Compressed class space mapped at: 0x0000000100000000-0x0000000140000000, reserved size: 1073741824
Narrow klass base: 0x0000000000000000, Narrow klass shift: 3, Narrow klass range: 0x140000000

GC Precious Log:
 CardTable entry size: 512
 Card Set container configuration: InlinePtr #cards 5 size 8 Array Of Cards #cards 12 size 40 Howl #buckets 4 coarsen threshold 1843 Howl Bitmap #cards 512 size 80 coarsen threshold 460 Card regions per heap region 1 cards per card region 2048
 CPUs: 8 total, 8 available
 Memory: 6030M
 Large Page Support: Disabled
 NUMA Support: Disabled
 Compressed Oops: Enabled (32-bit)
 Heap Region Size: 1M
 Heap Min Capacity: 8M
 Heap Initial Capacity: 96M
 Heap Max Capacity: 2G
 Pre-touch: Disabled
 Parallel Workers: 8
 Concurrent Workers: 2
 Concurrent Refinement Workers: 8
 Periodic GC: Disabled

Heap:
 garbage-first heap   total 102400K, used 64240K [0x0000000080000000, 0x0000000100000000)
  region size 1024K, 5 young (5120K), 4 survivors (4096K)
 Metaspace       used 45849K, committed 46784K, reserved 1114112K
  class space    used 6342K, committed 6784K, reserved 1048576K

Heap Regions: E=young(eden), S=young(survivor), O=old, HS=humongous(starts), HC=humongous(continues), CS=collection set, F=free, TAMS=top-at-mark-start, PB=parsable bottom
|   0|0x0000000080000000, 0x0000000080100000, 0x0000000080100000|100%|HS|  |TAMS 0x0000000080100000| PB 0x0000000080000000| Complete 
|   1|0x0000000080100000, 0x0000000080200000, 0x0000000080200000|100%|HC|  |TAMS 0x0000000080200000| PB 0x0000000080100000| Complete 
|   2|0x0000000080200000, 0x0000000080300000, 0x0000000080300000|100%|HC|  |TAMS 0x0000000080300000| PB 0x0000000080200000| Complete 
|   3|0x0000000080300000, 0x0000000080400000, 0x0000000080400000|100%| O|  |TAMS 0x0000000080400000| PB 0x0000000080400000| Untracked 
|   4|0x0000000080400000, 0x0000000080500000, 0x0000000080500000|100%| O|  |TAMS 0x0000000080500000| PB 0x0000000080500000| Untracked 
|   5|0x0000000080500000, 0x0000000080600000, 0x0000000080600000|100%| O|  |TAMS 0x0000000080600000| PB 0x0000000080600000| Untracked 
|   6|0x0000000080600000, 0x0000000080700000, 0x0000000080700000|100%|HS|  |TAMS 0x0000000080700000| PB 0x0000000080600000| Complete 
|   7|0x0000000080700000, 0x0000000080800000, 0x0000000080800000|100%| O|  |TAMS 0x0000000080800000| PB 0x0000000080800000| Untracked 
|   8|0x0000000080800000, 0x0000000080900000, 0x0000000080900000|100%| O|  |TAMS 0x0000000080900000| PB 0x0000000080900000| Untracked 
|   9|0x0000000080900000, 0x0000000080a00000, 0x0000000080a00000|100%| O|  |TAMS 0x0000000080a00000| PB 0x0000000080a00000| Untracked 
|  10|0x0000000080a00000, 0x0000000080b00000, 0x0000000080b00000|100%| O|  |TAMS 0x0000000080b00000| PB 0x0000000080b00000| Untracked 
|  11|0x0000000080b00000, 0x0000000080c00000, 0x0000000080c00000|100%| O|  |TAMS 0x0000000080c00000| PB 0x0000000080c00000| Untracked 
|  12|0x0000000080c00000, 0x0000000080c00000, 0x0000000080d00000|  0%| F|  |TAMS 0x0000000080c00000| PB 0x0000000080c00000| Untracked 
|  13|0x0000000080d00000, 0x0000000080e00000, 0x0000000080e00000|100%| O|  |TAMS 0x0000000080e00000| PB 0x0000000080e00000| Untracked 
|  14|0x0000000080e00000, 0x0000000080f00000, 0x0000000080f00000|100%| O|  |TAMS 0x0000000080f00000| PB 0x0000000080f00000| Untracked 
|  15|0x0000000080f00000, 0x0000000081000000, 0x0000000081000000|100%| O|  |TAMS 0x0000000081000000| PB 0x0000000081000000| Untracked 
|  16|0x0000000081000000, 0x0000000081100000, 0x0000000081100000|100%| O|  |TAMS 0x0000000081100000| PB 0x0000000081100000| Untracked 
|  17|0x0000000081100000, 0x0000000081200000, 0x0000000081200000|100%| O|  |TAMS 0x0000000081200000| PB 0x0000000081200000| Untracked 
|  18|0x0000000081200000, 0x0000000081300000, 0x0000000081300000|100%| O|  |TAMS 0x0000000081300000| PB 0x0000000081300000| Untracked 
|  19|0x0000000081300000, 0x0000000081400000, 0x0000000081400000|100%| O|  |TAMS 0x0000000081400000| PB 0x0000000081400000| Untracked 
|  20|0x0000000081400000, 0x0000000081500000, 0x0000000081500000|100%| O|  |TAMS 0x0000000081500000| PB 0x0000000081500000| Updating 
|  21|0x0000000081500000, 0x0000000081600000, 0x0000000081600000|100%| O|  |TAMS 0x0000000081600000| PB 0x0000000081600000| Untracked 
|  22|0x0000000081600000, 0x0000000081700000, 0x0000000081700000|100%|HS|  |TAMS 0x0000000081700000| PB 0x0000000081600000| Complete 
|  23|0x0000000081700000, 0x0000000081800000, 0x0000000081800000|100%|HC|  |TAMS 0x0000000081800000| PB 0x0000000081700000| Complete 
|  24|0x0000000081800000, 0x0000000081900000, 0x0000000081900000|100%|HC|  |TAMS 0x0000000081900000| PB 0x0000000081800000| Complete 
|  25|0x0000000081900000, 0x0000000081a00000, 0x0000000081a00000|100%|HC|  |TAMS 0x0000000081a00000| PB 0x0000000081900000| Complete 
|  26|0x0000000081a00000, 0x0000000081b00000, 0x0000000081b00000|100%|HC|  |TAMS 0x0000000081b00000| PB 0x0000000081a00000| Complete 
|  27|0x0000000081b00000, 0x0000000081c00000, 0x0000000081c00000|100%|HC|  |TAMS 0x0000000081c00000| PB 0x0000000081b00000| Complete 
|  28|0x0000000081c00000, 0x0000000081d00000, 0x0000000081d00000|100%|HS|  |TAMS 0x0000000081d00000| PB 0x0000000081c00000| Complete 
|  29|0x0000000081d00000, 0x0000000081e00000, 0x0000000081e00000|100%|HS|  |TAMS 0x0000000081e00000| PB 0x0000000081d00000| Complete 
|  30|0x0000000081e00000, 0x0000000081f00000, 0x0000000081f00000|100%|HC|  |TAMS 0x0000000081f00000| PB 0x0000000081e00000| Complete 
|  31|0x0000000081f00000, 0x0000000082000000, 0x0000000082000000|100%|HC|  |TAMS 0x0000000082000000| PB 0x0000000081f00000| Complete 
|  32|0x0000000082000000, 0x0000000082100000, 0x0000000082100000|100%|HC|  |TAMS 0x0000000082100000| PB 0x0000000082000000| Complete 
|  33|0x0000000082100000, 0x0000000082200000, 0x0000000082200000|100%|HS|  |TAMS 0x0000000082200000| PB 0x0000000082100000| Complete 
|  34|0x0000000082200000, 0x0000000082300000, 0x0000000082300000|100%|HC|  |TAMS 0x0000000082300000| PB 0x0000000082200000| Complete 
|  35|0x0000000082300000, 0x0000000082400000, 0x0000000082400000|100%|HS|  |TAMS 0x0000000082400000| PB 0x0000000082300000| Complete 
|  36|0x0000000082400000, 0x0000000082500000, 0x0000000082500000|100%|HS|  |TAMS 0x0000000082500000| PB 0x0000000082400000| Complete 
|  37|0x0000000082500000, 0x0000000082600000, 0x0000000082600000|100%|HC|  |TAMS 0x0000000082600000| PB 0x0000000082500000| Complete 
|  38|0x0000000082600000, 0x0000000082700000, 0x0000000082700000|100%|HC|  |TAMS 0x0000000082700000| PB 0x0000000082600000| Complete 
|  39|0x0000000082700000, 0x0000000082800000, 0x0000000082800000|100%|HC|  |TAMS 0x0000000082800000| PB 0x0000000082700000| Complete 
|  40|0x0000000082800000, 0x0000000082900000, 0x0000000082900000|100%|HC|  |TAMS 0x0000000082900000| PB 0x0000000082800000| Complete 
|  41|0x0000000082900000, 0x0000000082a00000, 0x0000000082a00000|100%|HC|  |TAMS 0x0000000082a00000| PB 0x0000000082900000| Complete 
|  42|0x0000000082a00000, 0x0000000082b00000, 0x0000000082b00000|100%|HS|  |TAMS 0x0000000082b00000| PB 0x0000000082a00000| Complete 
|  43|0x0000000082b00000, 0x0000000082c00000, 0x0000000082c00000|100%|HS|  |TAMS 0x0000000082c00000| PB 0x0000000082b00000| Complete 
|  44|0x0000000082c00000, 0x0000000082d00000, 0x0000000082d00000|100%|HC|  |TAMS 0x0000000082d00000| PB 0x0000000082c00000| Complete 
|  45|0x0000000082d00000, 0x0000000082e00000, 0x0000000082e00000|100%| O|  |TAMS 0x0000000082e00000| PB 0x0000000082e00000| Untracked 
|  46|0x0000000082e00000, 0x0000000082f00000, 0x0000000082f00000|100%| O|  |TAMS 0x0000000082f00000| PB 0x0000000082f00000| Updating 
|  47|0x0000000082f00000, 0x0000000083000000, 0x0000000083000000|100%| O|  |TAMS 0x0000000083000000| PB 0x0000000083000000| Updating 
|  48|0x0000000083000000, 0x0000000083100000, 0x0000000083100000|100%| O|  |TAMS 0x0000000083100000| PB 0x0000000083100000| Untracked 
|  49|0x0000000083100000, 0x0000000083200000, 0x0000000083200000|100%|HS|  |TAMS 0x0000000083200000| PB 0x0000000083100000| Complete 
|  50|0x0000000083200000, 0x0000000083300000, 0x0000000083300000|100%|HC|  |TAMS 0x0000000083300000| PB 0x0000000083200000| Complete 
|  51|0x0000000083300000, 0x0000000083400000, 0x0000000083400000|100%|HC|  |TAMS 0x0000000083400000| PB 0x0000000083300000| Complete 
|  52|0x0000000083400000, 0x0000000083500000, 0x0000000083500000|100%|HC|  |TAMS 0x0000000083500000| PB 0x0000000083400000| Complete 
|  53|0x0000000083500000, 0x0000000083600000, 0x0000000083600000|100%|HS|  |TAMS 0x0000000083600000| PB 0x0000000083500000| Complete 
|  54|0x0000000083600000, 0x0000000083700000, 0x0000000083700000|100%| O|  |TAMS 0x0000000083700000| PB 0x0000000083700000| Untracked 
|  55|0x0000000083700000, 0x0000000083800000, 0x0000000083800000|100%| O|  |TAMS 0x0000000083800000| PB 0x0000000083800000| Updating 
|  56|0x0000000083800000, 0x0000000083814798, 0x0000000083900000|  7%| O|  |TAMS 0x0000000083814798| PB 0x0000000083814798| Updating 
|  57|0x0000000083900000, 0x0000000083900000, 0x0000000083a00000|  0%| F|  |TAMS 0x0000000083900000| PB 0x0000000083900000| Untracked 
|  58|0x0000000083a00000, 0x0000000083a00000, 0x0000000083b00000|  0%| F|  |TAMS 0x0000000083a00000| PB 0x0000000083a00000| Untracked 
|  59|0x0000000083b00000, 0x0000000083b00000, 0x0000000083c00000|  0%| F|  |TAMS 0x0000000083b00000| PB 0x0000000083b00000| Untracked 
|  60|0x0000000083c00000, 0x0000000083c00000, 0x0000000083d00000|  0%| F|  |TAMS 0x0000000083c00000| PB 0x0000000083c00000| Untracked 
|  61|0x0000000083d00000, 0x0000000083d00000, 0x0000000083e00000|  0%| F|  |TAMS 0x0000000083d00000| PB 0x0000000083d00000| Untracked 
|  62|0x0000000083e00000, 0x0000000083e00000, 0x0000000083f00000|  0%| F|  |TAMS 0x0000000083e00000| PB 0x0000000083e00000| Untracked 
|  63|0x0000000083f00000, 0x0000000083fa7b50, 0x0000000084000000| 65%| S|CS|TAMS 0x0000000083f00000| PB 0x0000000083f00000| Complete 
|  64|0x0000000084000000, 0x0000000084100000, 0x0000000084100000|100%| S|CS|TAMS 0x0000000084000000| PB 0x0000000084000000| Complete 
|  65|0x0000000084100000, 0x0000000084200000, 0x0000000084200000|100%| S|CS|TAMS 0x0000000084100000| PB 0x0000000084100000| Complete 
|  66|0x0000000084200000, 0x0000000084300000, 0x0000000084300000|100%| S|CS|TAMS 0x0000000084200000| PB 0x0000000084200000| Complete 
|  67|0x0000000084300000, 0x0000000084300000, 0x0000000084400000|  0%| F|  |TAMS 0x0000000084300000| PB 0x0000000084300000| Untracked 
|  68|0x0000000084400000, 0x0000000084400000, 0x0000000084500000|  0%| F|  |TAMS 0x0000000084400000| PB 0x0000000084400000| Untracked 
|  69|0x0000000084500000, 0x0000000084500000, 0x0000000084600000|  0%| F|  |TAMS 0x0000000084500000| PB 0x0000000084500000| Untracked 
|  70|0x0000000084600000, 0x0000000084600000, 0x0000000084700000|  0%| F|  |TAMS 0x0000000084600000| PB 0x0000000084600000| Untracked 
|  71|0x0000000084700000, 0x0000000084700000, 0x0000000084800000|  0%| F|  |TAMS 0x0000000084700000| PB 0x0000000084700000| Untracked 
|  72|0x0000000084800000, 0x0000000084800000, 0x0000000084900000|  0%| F|  |TAMS 0x0000000084800000| PB 0x0000000084800000| Untracked 
|  73|0x0000000084900000, 0x0000000084900000, 0x0000000084a00000|  0%| F|  |TAMS 0x0000000084900000| PB 0x0000000084900000| Untracked 
|  74|0x0000000084a00000, 0x0000000084a00000, 0x0000000084b00000|  0%| F|  |TAMS 0x0000000084a00000| PB 0x0000000084a00000| Untracked 
|  75|0x0000000084b00000, 0x0000000084b00000, 0x0000000084c00000|  0%| F|  |TAMS 0x0000000084b00000| PB 0x0000000084b00000| Untracked 
|  76|0x0000000084c00000, 0x0000000084c00000, 0x0000000084d00000|  0%| F|  |TAMS 0x0000000084c00000| PB 0x0000000084c00000| Untracked 
|  77|0x0000000084d00000, 0x0000000084d00000, 0x0000000084e00000|  0%| F|  |TAMS 0x0000000084d00000| PB 0x0000000084d00000| Untracked 
|  78|0x0000000084e00000, 0x0000000084e00000, 0x0000000084f00000|  0%| F|  |TAMS 0x0000000084e00000| PB 0x0000000084e00000| Untracked 
|  79|0x0000000084f00000, 0x0000000084f00000, 0x0000000085000000|  0%| F|  |TAMS 0x0000000084f00000| PB 0x0000000084f00000| Untracked 
|  80|0x0000000085000000, 0x0000000085000000, 0x0000000085100000|  0%| F|  |TAMS 0x0000000085000000| PB 0x0000000085000000| Untracked 
|  81|0x0000000085100000, 0x0000000085100000, 0x0000000085200000|  0%| F|  |TAMS 0x0000000085100000| PB 0x0000000085100000| Untracked 
|  82|0x0000000085200000, 0x0000000085200000, 0x0000000085300000|  0%| F|  |TAMS 0x0000000085200000| PB 0x0000000085200000| Untracked 
|  83|0x0000000085300000, 0x0000000085300000, 0x0000000085400000|  0%| F|  |TAMS 0x0000000085300000| PB 0x0000000085300000| Untracked 
|  84|0x0000000085400000, 0x0000000085400000, 0x0000000085500000|  0%| F|  |TAMS 0x0000000085400000| PB 0x0000000085400000| Untracked 
|  85|0x0000000085500000, 0x0000000085500000, 0x0000000085600000|  0%| F|  |TAMS 0x0000000085500000| PB 0x0000000085500000| Untracked 
|  86|0x0000000085600000, 0x0000000085600000, 0x0000000085700000|  0%| F|  |TAMS 0x0000000085600000| PB 0x0000000085600000| Untracked 
|  87|0x0000000085700000, 0x0000000085700000, 0x0000000085800000|  0%| F|  |TAMS 0x0000000085700000| PB 0x0000000085700000| Untracked 
|  88|0x0000000085800000, 0x0000000085800000, 0x0000000085900000|  0%| F|  |TAMS 0x0000000085800000| PB 0x0000000085800000| Untracked 
|  89|0x0000000085900000, 0x0000000085900000, 0x0000000085a00000|  0%| F|  |TAMS 0x0000000085900000| PB 0x0000000085900000| Untracked 
|  90|0x0000000085a00000, 0x0000000085a00000, 0x0000000085b00000|  0%| F|  |TAMS 0x0000000085a00000| PB 0x0000000085a00000| Untracked 
|  91|0x0000000085b00000, 0x0000000085b00000, 0x0000000085c00000|  0%| F|  |TAMS 0x0000000085b00000| PB 0x0000000085b00000| Untracked 
|  92|0x0000000085c00000, 0x0000000085c00000, 0x0000000085d00000|  0%| F|  |TAMS 0x0000000085c00000| PB 0x0000000085c00000| Untracked 
|  93|0x0000000085d00000, 0x0000000085d00000, 0x0000000085e00000|  0%| F|  |TAMS 0x0000000085d00000| PB 0x0000000085d00000| Untracked 
|  94|0x0000000085e00000, 0x0000000085e00000, 0x0000000085f00000|  0%| F|  |TAMS 0x0000000085e00000| PB 0x0000000085e00000| Untracked 
|  95|0x0000000085f00000, 0x0000000085f75998, 0x0000000086000000| 45%| E|  |TAMS 0x0000000085f00000| PB 0x0000000085f00000| Complete 
|2044|0x00000000ffc00000, 0x00000000ffd00000, 0x00000000ffd00000|100%| O|  |TAMS 0x00000000ffd00000| PB 0x00000000ffd00000| Updating 
|2045|0x00000000ffd00000, 0x00000000ffe00000, 0x00000000ffe00000|100%| O|  |TAMS 0x00000000ffe00000| PB 0x00000000ffe00000| Untracked 
|2046|0x00000000ffe00000, 0x00000000fff00000, 0x00000000fff00000|100%| O|  |TAMS 0x00000000fff00000| PB 0x00000000fff00000| Untracked 
|2047|0x00000000fff00000, 0x0000000100000000, 0x0000000100000000|100%| O|  |TAMS 0x0000000100000000| PB 0x0000000100000000| Untracked 

Card table byte_map: [0x0000022ae6be0000,0x0000022ae6fe0000] _byte_map_base: 0x0000022ae67e0000

Marking Bits: (CMBitMap*) 0x0000022ad43a8460
 Bits: [0x0000022ae6fe0000, 0x0000022ae8fe0000)

Polling page: 0x0000022ad2330000

Metaspace:

Usage:
  Non-class:     38.58 MB used.
      Class:      6.19 MB used.
       Both:     44.77 MB used.

Virtual space:
  Non-class space:       64.00 MB reserved,      39.06 MB ( 61%) committed,  1 nodes.
      Class space:        1.00 GB reserved,       6.62 MB ( <1%) committed,  1 nodes.
             Both:        1.06 GB reserved,      45.69 MB (  4%) committed. 

Chunk freelists:
   Non-Class:  8.14 MB
       Class:  9.38 MB
        Both:  17.52 MB

MaxMetaspaceSize: unlimited
CompressedClassSpaceSize: 1.00 GB
Initial GC threshold: 21.00 MB
Current GC threshold: 59.00 MB
CDS: off
 - commit_granule_bytes: 65536.
 - commit_granule_words: 8192.
 - virtual_space_node_default_size: 8388608.
 - enlarge_chunks_in_place: 1.
 - use_allocation_guard: 0.


Internal statistics:

num_allocs_failed_limit: 6.
num_arena_births: 1642.
num_arena_deaths: 0.
num_vsnodes_births: 2.
num_vsnodes_deaths: 0.
num_space_committed: 731.
num_space_uncommitted: 0.
num_chunks_returned_to_freelist: 6.
num_chunks_taken_from_freelist: 3195.
num_chunk_merges: 3.
num_chunk_splits: 2048.
num_chunks_enlarged: 1277.
num_inconsistent_stats: 0.

CodeHeap 'non-profiled nmethods': size=120000Kb used=2189Kb max_used=2246Kb free=117810Kb
 bounds [0x0000022adef70000, 0x0000022adf1e0000, 0x0000022ae64a0000]
CodeHeap 'profiled nmethods': size=120000Kb used=6724Kb max_used=7214Kb free=113276Kb
 bounds [0x0000022ad74a0000, 0x0000022ad7bb0000, 0x0000022ade9d0000]
CodeHeap 'non-nmethods': size=5760Kb used=1895Kb max_used=1907Kb free=3864Kb
 bounds [0x0000022ade9d0000, 0x0000022adec40000, 0x0000022adef70000]
CodeCache: size=245760Kb, used=10808Kb, max_used=11367Kb, free=234950Kb
 total_blobs=4234, nmethods=3547, adapters=591, full_count=0
Compilation: enabled, stopped_count=0, restarted_count=0

Compilation events (20 events):
Event: 7.822 Thread 0x0000022af00b7090 nmethod 4109 0x0000022adf19fe10 code [0x0000022adf19ffc0, 0x0000022adf1a0290]
Event: 7.825 Thread 0x0000022aebc115a0 nmethod 4110 0x0000022adf1a0590 code [0x0000022adf1a0740, 0x0000022adf1a0b30]
Event: 7.852 Thread 0x0000022aebc15670 4111       3       sun.nio.fs.WindowsPathParser::isSlash (18 bytes)
Event: 7.852 Thread 0x0000022aebc15670 nmethod 4111 0x0000022ad7ba5b90 code [0x0000022ad7ba5d20, 0x0000022ad7ba5e90]
Event: 7.853 Thread 0x0000022af00b7090 4112       4       jdk.internal.loader.ClassLoaders::platformClassLoader (4 bytes)
Event: 7.854 Thread 0x0000022af00b7090 nmethod 4112 0x0000022adf1a0c10 code [0x0000022adf1a0da0, 0x0000022adf1a0e10]
Event: 7.865 Thread 0x0000022af00b7090 4113       4       java.util.concurrent.ConcurrentHashMap::addCount (280 bytes)
Event: 7.872 Thread 0x0000022af00b7090 nmethod 4113 0x0000022adf1a0f10 code [0x0000022adf1a1100, 0x0000022adf1a1450]
Event: 7.876 Thread 0x0000022aebc15670 4114       3       java.nio.HeapByteBuffer::getInt (29 bytes)
Event: 7.877 Thread 0x0000022aebc15670 nmethod 4114 0x0000022ad7ba5f10 code [0x0000022ad7ba6180, 0x0000022ad7ba6b48]
Event: 7.877 Thread 0x0000022aebc15670 4115   !   3       jdk.internal.misc.ScopedMemoryAccess::getIntUnaligned (18 bytes)
Event: 7.877 Thread 0x0000022aebc15670 nmethod 4115 0x0000022ad7ba6f90 code [0x0000022ad7ba7180, 0x0000022ad7ba7630]
Event: 7.877 Thread 0x0000022aebc15670 4116       3       java.util.zip.Inflater::inflate (9 bytes)
Event: 7.878 Thread 0x0000022aebc15670 nmethod 4116 0x0000022ad7ba7910 code [0x0000022ad7ba7ac0, 0x0000022ad7ba7c20]
Event: 7.878 Thread 0x0000022aebc15670 4117       3       java.util.Optional::of (12 bytes)
Event: 7.878 Thread 0x0000022aebc15670 nmethod 4117 0x0000022ad7ba7d10 code [0x0000022ad7ba7ee0, 0x0000022ad7ba8280]
Event: 7.883 Thread 0x0000022aebc15670 4118   !   3       sun.nio.fs.WindowsFileAttributes::get (275 bytes)
Event: 7.886 Thread 0x0000022aebc15670 nmethod 4118 0x0000022ad7ba8410 code [0x0000022ad7ba88c0, 0x0000022ad7baa6e8]
Event: 7.886 Thread 0x0000022aebc15670 4119       3       jdk.internal.loader.NativeLibraries$NativeLibraryImpl::find (9 bytes)
Event: 7.886 Thread 0x0000022aebc15670 nmethod 4119 0x0000022ad7bab790 code [0x0000022ad7bab940, 0x0000022ad7baba80]

GC Heap History (20 events):
Event: 1.013 GC heap before
{Heap before GC invocations=0 (full 0):
 garbage-first heap   total 98304K, used 22528K [0x0000000080000000, 0x0000000100000000)
  region size 1024K, 23 young (23552K), 0 survivors (0K)
 Metaspace       used 8109K, committed 8256K, reserved 1114112K
  class space    used 749K, committed 832K, reserved 1048576K
}
Event: 1.018 GC heap after
{Heap after GC invocations=1 (full 0):
 garbage-first heap   total 98304K, used 2432K [0x0000000080000000, 0x0000000100000000)
  region size 1024K, 3 young (3072K), 3 survivors (3072K)
 Metaspace       used 8109K, committed 8256K, reserved 1114112K
  class space    used 749K, committed 832K, reserved 1048576K
}
Event: 2.215 GC heap before
{Heap before GC invocations=1 (full 0):
 garbage-first heap   total 98304K, used 40320K [0x0000000080000000, 0x0000000100000000)
  region size 1024K, 38 young (38912K), 3 survivors (3072K)
 Metaspace       used 12340K, committed 12544K, reserved 1114112K
  class space    used 1348K, committed 1408K, reserved 1048576K
}
Event: 2.228 GC heap after
{Heap after GC invocations=2 (full 0):
 garbage-first heap   total 98304K, used 10594K [0x0000000080000000, 0x0000000100000000)
  region size 1024K, 5 young (5120K), 5 survivors (5120K)
 Metaspace       used 12340K, committed 12544K, reserved 1114112K
  class space    used 1348K, committed 1408K, reserved 1048576K
}
Event: 3.023 GC heap before
{Heap before GC invocations=2 (full 0):
 garbage-first heap   total 98304K, used 57698K [0x0000000080000000, 0x0000000100000000)
  region size 1024K, 49 young (50176K), 5 survivors (5120K)
 Metaspace       used 13167K, committed 13376K, reserved 1114112K
  class space    used 1500K, committed 1600K, reserved 1048576K
}
Event: 3.036 GC heap after
{Heap after GC invocations=3 (full 0):
 garbage-first heap   total 98304K, used 16818K [0x0000000080000000, 0x0000000100000000)
  region size 1024K, 5 young (5120K), 5 survivors (5120K)
 Metaspace       used 13167K, committed 13376K, reserved 1114112K
  class space    used 1500K, committed 1600K, reserved 1048576K
}
Event: 3.726 GC heap before
{Heap before GC invocations=3 (full 0):
 garbage-first heap   total 98304K, used 40370K [0x0000000080000000, 0x0000000100000000)
  region size 1024K, 29 young (29696K), 5 survivors (5120K)
 Metaspace       used 21197K, committed 21504K, reserved 1114112K
  class space    used 2523K, committed 2688K, reserved 1048576K
}
Event: 3.732 GC heap after
{Heap after GC invocations=4 (full 0):
 garbage-first heap   total 98304K, used 20359K [0x0000000080000000, 0x0000000100000000)
  region size 1024K, 4 young (4096K), 4 survivors (4096K)
 Metaspace       used 21197K, committed 21504K, reserved 1114112K
  class space    used 2523K, committed 2688K, reserved 1048576K
}
Event: 4.714 GC heap before
{Heap before GC invocations=5 (full 0):
 garbage-first heap   total 71680K, used 59271K [0x0000000080000000, 0x0000000100000000)
  region size 1024K, 42 young (43008K), 4 survivors (4096K)
 Metaspace       used 27985K, committed 28480K, reserved 1114112K
  class space    used 3592K, committed 3840K, reserved 1048576K
}
Event: 4.722 GC heap after
{Heap after GC invocations=6 (full 0):
 garbage-first heap   total 71680K, used 22487K [0x0000000080000000, 0x0000000100000000)
  region size 1024K, 3 young (3072K), 3 survivors (3072K)
 Metaspace       used 27985K, committed 28480K, reserved 1114112K
  class space    used 3592K, committed 3840K, reserved 1048576K
}
Event: 5.820 GC heap before
{Heap before GC invocations=6 (full 0):
 garbage-first heap   total 71680K, used 55255K [0x0000000080000000, 0x0000000100000000)
  region size 1024K, 35 young (35840K), 3 survivors (3072K)
 Metaspace       used 32293K, committed 32896K, reserved 1114112K
  class space    used 4373K, committed 4672K, reserved 1048576K
}
Event: 5.825 GC heap after
{Heap after GC invocations=7 (full 0):
 garbage-first heap   total 71680K, used 24505K [0x0000000080000000, 0x0000000100000000)
  region size 1024K, 5 young (5120K), 5 survivors (5120K)
 Metaspace       used 32293K, committed 32896K, reserved 1114112K
  class space    used 4373K, committed 4672K, reserved 1048576K
}
Event: 6.197 GC heap before
{Heap before GC invocations=7 (full 0):
 garbage-first heap   total 71680K, used 44985K [0x0000000080000000, 0x0000000100000000)
  region size 1024K, 26 young (26624K), 5 survivors (5120K)
 Metaspace       used 35267K, committed 36096K, reserved 1114112K
  class space    used 4914K, committed 5312K, reserved 1048576K
}
Event: 6.204 GC heap after
{Heap after GC invocations=8 (full 0):
 garbage-first heap   total 71680K, used 25921K [0x0000000080000000, 0x0000000100000000)
  region size 1024K, 4 young (4096K), 4 survivors (4096K)
 Metaspace       used 35267K, committed 36096K, reserved 1114112K
  class space    used 4914K, committed 5312K, reserved 1048576K
}
Event: 6.661 GC heap before
{Heap before GC invocations=9 (full 0):
 garbage-first heap   total 71680K, used 69953K [0x0000000080000000, 0x0000000100000000)
  region size 1024K, 20 young (20480K), 4 survivors (4096K)
 Metaspace       used 36538K, committed 37440K, reserved 1114112K
  class space    used 5141K, committed 5568K, reserved 1048576K
}
Event: 6.670 GC heap after
{Heap after GC invocations=10 (full 0):
 garbage-first heap   total 97280K, used 60266K [0x0000000080000000, 0x0000000100000000)
  region size 1024K, 5 young (5120K), 5 survivors (5120K)
 Metaspace       used 36538K, committed 37440K, reserved 1114112K
  class space    used 5141K, committed 5568K, reserved 1048576K
}
Event: 7.240 GC heap before
{Heap before GC invocations=10 (full 0):
 garbage-first heap   total 97280K, used 85866K [0x0000000080000000, 0x0000000100000000)
  region size 1024K, 30 young (30720K), 5 survivors (5120K)
 Metaspace       used 40137K, committed 41088K, reserved 1114112K
  class space    used 5701K, committed 6144K, reserved 1048576K
}
Event: 7.247 GC heap after
{Heap after GC invocations=11 (full 0):
 garbage-first heap   total 97280K, used 61793K [0x0000000080000000, 0x0000000100000000)
  region size 1024K, 2 young (2048K), 2 survivors (2048K)
 Metaspace       used 40137K, committed 41088K, reserved 1114112K
  class space    used 5701K, committed 6144K, reserved 1048576K
}
Event: 7.856 GC heap before
{Heap before GC invocations=11 (full 0):
 garbage-first heap   total 97280K, used 85345K [0x0000000080000000, 0x0000000100000000)
  region size 1024K, 26 young (26624K), 2 survivors (2048K)
 Metaspace       used 45609K, committed 46528K, reserved 1114112K
  class space    used 6314K, committed 6720K, reserved 1048576K
}
Event: 7.861 GC heap after
{Heap after GC invocations=12 (full 0):
 garbage-first heap   total 97280K, used 64240K [0x0000000080000000, 0x0000000100000000)
  region size 1024K, 4 young (4096K), 4 survivors (4096K)
 Metaspace       used 45609K, committed 46528K, reserved 1114112K
  class space    used 6314K, committed 6720K, reserved 1048576K
}

Dll operation events (3 events):
Event: 0.017 Loaded shared library C:\Program Files\Android\Android Studio\jbr\bin\java.dll
Event: 0.028 Loaded shared library C:\Program Files\Android\Android Studio\jbr\bin\zip.dll
Event: 1.150 Loaded shared library C:\Program Files\Android\Android Studio\jbr\bin\verify.dll

Deoptimization events (20 events):
Event: 7.573 Thread 0x0000022af1bafc00 DEOPT PACKING pc=0x0000022adf137618 sp=0x0000009af25f68e0
Event: 7.573 Thread 0x0000022af1bafc00 DEOPT UNPACKING pc=0x0000022adea246a2 sp=0x0000009af25f6878 mode 2
Event: 7.573 Thread 0x0000022af1bafc00 Uncommon trap: trap_request=0xffffffc6 fr.pc=0x0000022adf137618 relative=0x0000000000000238
Event: 7.573 Thread 0x0000022af1bafc00 Uncommon trap: reason=bimorphic_or_optimized_type_check action=maybe_recompile pc=0x0000022adf137618 method=java.util.regex.Pattern$BmpCharProperty.match(Ljava/util/regex/Matcher;ILjava/lang/CharSequence;)Z @ 19 c2
Event: 7.573 Thread 0x0000022af1bafc00 DEOPT PACKING pc=0x0000022adf137618 sp=0x0000009af25f68e0
Event: 7.573 Thread 0x0000022af1bafc00 DEOPT UNPACKING pc=0x0000022adea246a2 sp=0x0000009af25f6878 mode 2
Event: 7.655 Thread 0x0000022af1bafc00 DEOPT PACKING pc=0x0000022ad7b57d09 sp=0x0000009af25f6bc0
Event: 7.655 Thread 0x0000022af1bafc00 DEOPT UNPACKING pc=0x0000022adea24e42 sp=0x0000009af25f60b8 mode 0
Event: 7.678 Thread 0x0000022af1bafc00 Uncommon trap: trap_request=0xffffff45 fr.pc=0x0000022adef99cac relative=0x000000000000008c
Event: 7.678 Thread 0x0000022af1bafc00 Uncommon trap: reason=unstable_if action=reinterpret pc=0x0000022adef99cac method=jdk.internal.misc.Unsafe.convEndian(ZJ)J @ 4 c2
Event: 7.678 Thread 0x0000022af1bafc00 DEOPT PACKING pc=0x0000022adef99cac sp=0x0000009af25f1dd0
Event: 7.678 Thread 0x0000022af1bafc00 DEOPT UNPACKING pc=0x0000022adea246a2 sp=0x0000009af25f1cf8 mode 2
Event: 7.852 Thread 0x0000022af1bafc00 Uncommon trap: trap_request=0xffffff45 fr.pc=0x0000022adf004744 relative=0x0000000000001664
Event: 7.852 Thread 0x0000022af1bafc00 Uncommon trap: reason=unstable_if action=reinterpret pc=0x0000022adf004744 method=sun.nio.fs.WindowsPathParser.isSlash(C)Z @ 9 c2
Event: 7.852 Thread 0x0000022af1bafc00 DEOPT PACKING pc=0x0000022adf004744 sp=0x0000009af25f6910
Event: 7.852 Thread 0x0000022af1bafc00 DEOPT UNPACKING pc=0x0000022adea246a2 sp=0x0000009af25f68b8 mode 2
Event: 7.852 Thread 0x0000022af1bafc00 Uncommon trap: trap_request=0xffffff45 fr.pc=0x0000022adef965ec relative=0x000000000000004c
Event: 7.852 Thread 0x0000022af1bafc00 Uncommon trap: reason=unstable_if action=reinterpret pc=0x0000022adef965ec method=sun.nio.fs.WindowsPathParser.isSlash(C)Z @ 9 c2
Event: 7.852 Thread 0x0000022af1bafc00 DEOPT PACKING pc=0x0000022adef965ec sp=0x0000009af25f6930
Event: 7.852 Thread 0x0000022af1bafc00 DEOPT UNPACKING pc=0x0000022adea246a2 sp=0x0000009af25f68b8 mode 2

Classes loaded (20 events):
Event: 7.883 Loading class sun/nio/fs/WindowsChannelFactory
Event: 7.884 Loading class sun/nio/fs/WindowsChannelFactory done
Event: 7.884 Loading class sun/nio/fs/WindowsChannelFactory$1
Event: 7.884 Loading class sun/nio/fs/WindowsChannelFactory$1 done
Event: 7.884 Loading class sun/nio/fs/WindowsChannelFactory$Flags
Event: 7.884 Loading class sun/nio/fs/WindowsChannelFactory$Flags done
Event: 7.884 Loading class sun/nio/ch/FileChannelImpl$Closer
Event: 7.884 Loading class sun/nio/ch/FileChannelImpl$Closer done
Event: 7.885 Loading class sun/nio/fs/WindowsAclFileAttributeView
Event: 7.885 Loading class sun/nio/fs/AbstractAclFileAttributeView
Event: 7.885 Loading class java/nio/file/attribute/AclFileAttributeView
Event: 7.886 Loading class java/nio/file/attribute/FileOwnerAttributeView
Event: 7.886 Loading class java/nio/file/attribute/FileOwnerAttributeView done
Event: 7.886 Loading class java/nio/file/attribute/AclFileAttributeView done
Event: 7.886 Loading class sun/nio/fs/AbstractAclFileAttributeView done
Event: 7.886 Loading class sun/nio/fs/WindowsAclFileAttributeView done
Event: 7.886 Loading class sun/nio/fs/WindowsSecurity
Event: 7.886 Loading class sun/nio/fs/WindowsSecurity done
Event: 7.887 Loading class sun/nio/fs/WindowsFileStore
Event: 7.888 Loading class sun/nio/fs/WindowsFileStore done

Classes unloaded (0 events):
No events

Classes redefined (0 events):
No events

Internal exceptions (20 events):
Event: 6.899 Thread 0x0000022af1bafc00 Exception <a 'java/lang/NoSuchMethodError'{0x0000000085171d20}: 'void java.lang.invoke.DirectMethodHandle$Holder.invokeInterface(java.lang.Object, java.lang.Object, java.lang.Object, java.lang.Object, java.lang.Object)'> (0x0000000085171d20) 
thrown [s\src\hotspot\share\interpreter\linkResolver.cpp, line 784]
Event: 6.905 Thread 0x0000022af1bafc00 Exception <a 'java/lang/NoSuchMethodError'{0x00000000851bdfa8}: 'void java.lang.invoke.DirectMethodHandle$Holder.invokeStatic(java.lang.Object, java.lang.Object, java.lang.Object, java.lang.Object, java.lang.Object, java.lang.Object)'> (0x00000000851bdfa8) 
thrown [s\src\hotspot\share\interpreter\linkResolver.cpp, line 784]
Event: 7.097 Thread 0x0000022af1bafc00 Exception <a 'java/lang/IncompatibleClassChangeError'{0x00000000846da598}: Found class java.lang.Object, but interface was expected> (0x00000000846da598) 
thrown [s\src\hotspot\share\interpreter\linkResolver.cpp, line 851]
Event: 7.139 Thread 0x0000022af1bafc00 Exception <a 'java/lang/NoSuchMethodError'{0x0000000084474ea0}: 'java.lang.Object java.lang.invoke.DirectMethodHandle$Holder.invokeVirtual(java.lang.Object, java.lang.Object, int)'> (0x0000000084474ea0) 
thrown [s\src\hotspot\share\interpreter\linkResolver.cpp, line 784]
Event: 7.143 Thread 0x0000022af1bafc00 Exception <a 'java/lang/NoSuchMethodError'{0x00000000844a87a0}: 'void java.lang.invoke.DirectMethodHandle$Holder.invokeStatic(java.lang.Object, java.lang.Object, java.lang.Object, int)'> (0x00000000844a87a0) 
thrown [s\src\hotspot\share\interpreter\linkResolver.cpp, line 784]
Event: 7.209 Thread 0x0000022af1bafc00 Exception <a 'java/lang/NoSuchMethodError'{0x0000000083eaa7d8}: 'void java.lang.invoke.DirectMethodHandle$Holder.invokeInterface(java.lang.Object, java.lang.Object, java.lang.Object, java.lang.Object, java.lang.Object, java.lang.Object, java.lang.Object)'> (0x0000000083eaa7d8) 
thrown [s\src\hotspot\share\interpreter\linkResolver.cpp, line 784]
Event: 7.209 Thread 0x0000022af1bafc00 Exception <a 'java/lang/NoSuchMethodError'{0x0000000083eaf6c0}: 'void java.lang.invoke.DelegatingMethodHandle$Holder.reinvoke_L(java.lang.Object, java.lang.Object, java.lang.Object, java.lang.Object, java.lang.Object, java.lang.Object, java.lang.Object)'> (0x0000000083eaf6c0) 
thrown [s\src\hotspot\share\interpreter\linkResolver.cpp, line 784]
Event: 7.269 Thread 0x0000022af1bafc00 Exception <a 'java/lang/NoSuchMethodError'{0x0000000085fc5a68}: 'java.lang.Object java.lang.invoke.DirectMethodHandle$Holder.invokeSpecial(java.lang.Object, java.lang.Object, java.lang.Object, int, java.lang.Object, java.lang.Object)'> (0x0000000085fc5a68) 
thrown [s\src\hotspot\share\interpreter\linkResolver.cpp, line 784]
Event: 7.412 Thread 0x0000022af1bafc00 Implicit null exception at 0x0000022adf0998b4 to 0x0000022adf099de8
Event: 7.412 Thread 0x0000022af1bafc00 Implicit null exception at 0x0000022adf14bf98 to 0x0000022adf14c30c
Event: 7.412 Thread 0x0000022af1bafc00 Implicit null exception at 0x0000022adf143eb0 to 0x0000022adf144774
Event: 7.412 Thread 0x0000022af1bafc00 Exception <a 'java/lang/NoSuchMethodError'{0x000000008544b6d8}: 'java.lang.reflect.Method[] java.lang.Class.getDeclaredMethods(java.lang.Class)'> (0x000000008544b6d8) 
thrown [s\src\hotspot\share\interpreter\linkResolver.cpp, line 784]
Event: 7.474 Thread 0x0000022af1bafc00 Exception <a 'java/lang/NoSuchMethodError'{0x0000000085288178}: 'void java.lang.invoke.DirectMethodHandle$Holder.invokeStaticInit(java.lang.Object, java.lang.Object, java.lang.Object, java.lang.Object, java.lang.Object)'> (0x0000000085288178) 
thrown [s\src\hotspot\share\interpreter\linkResolver.cpp, line 784]
Event: 7.771 Thread 0x0000022af1bafc00 Exception <a 'java/lang/ClassNotFoundException'{0x0000000084797c50}: groovy/lang/ExpandoMetaClassBeanInfo> (0x0000000084797c50) 
thrown [s\src\hotspot\share\classfile\systemDictionary.cpp, line 312]
Event: 7.772 Thread 0x0000022af1bafc00 Exception <a 'java/lang/ClassNotFoundException'{0x00000000847a28c8}: groovy/lang/MetaClassImplBeanInfo> (0x00000000847a28c8) 
thrown [s\src\hotspot\share\classfile\systemDictionary.cpp, line 312]
Event: 7.772 Thread 0x0000022af1bafc00 Exception <a 'java/lang/ClassNotFoundException'{0x00000000847a89a0}: java/lang/ObjectBeanInfo> (0x00000000847a89a0) 
thrown [s\src\hotspot\share\classfile\systemDictionary.cpp, line 312]
Event: 7.773 Thread 0x0000022af1bafc00 Exception <a 'java/lang/ClassNotFoundException'{0x00000000847afac8}: java/lang/ObjectCustomizer> (0x00000000847afac8) 
thrown [s\src\hotspot\share\classfile\systemDictionary.cpp, line 312]
Event: 7.781 Thread 0x0000022af1bafc00 Exception <a 'java/lang/IncompatibleClassChangeError'{0x00000000847be480}: Found class java.lang.Object, but interface was expected> (0x00000000847be480) 
thrown [s\src\hotspot\share\interpreter\linkResolver.cpp, line 851]
Event: 7.787 Thread 0x0000022af1bafc00 Exception <a 'java/lang/ClassNotFoundException'{0x00000000847daa30}: groovy/lang/MetaClassImplCustomizer> (0x00000000847daa30) 
thrown [s\src\hotspot\share\classfile\systemDictionary.cpp, line 312]
Event: 7.791 Thread 0x0000022af1bafc00 Exception <a 'java/lang/ClassNotFoundException'{0x00000000846057d8}: groovy/lang/ExpandoMetaClassCustomizer> (0x00000000846057d8) 
thrown [s\src\hotspot\share\classfile\systemDictionary.cpp, line 312]

ZGC Phase Switch (0 events):
No events

VM Operations (20 events):
Event: 7.213 Executing VM operation: HandshakeAllThreads (Deoptimize) done
Event: 7.213 Executing VM operation: HandshakeAllThreads (Deoptimize)
Event: 7.213 Executing VM operation: HandshakeAllThreads (Deoptimize) done
Event: 7.240 Executing VM operation: G1CollectForAllocation (G1 Evacuation Pause)
Event: 7.247 Executing VM operation: G1CollectForAllocation (G1 Evacuation Pause) done
Event: 7.403 Executing VM operation: HandshakeAllThreads (Deoptimize)
Event: 7.403 Executing VM operation: HandshakeAllThreads (Deoptimize) done
Event: 7.606 Executing VM operation: HandshakeAllThreads (Deoptimize)
Event: 7.606 Executing VM operation: HandshakeAllThreads (Deoptimize) done
Event: 7.721 Executing VM operation: HandshakeAllThreads (Deoptimize)
Event: 7.721 Executing VM operation: HandshakeAllThreads (Deoptimize) done
Event: 7.787 Executing VM operation: ICBufferFull
Event: 7.787 Executing VM operation: ICBufferFull done
Event: 7.856 Executing VM operation: G1CollectForAllocation (G1 Evacuation Pause)
Event: 7.861 Executing VM operation: G1CollectForAllocation (G1 Evacuation Pause) done
Event: 7.875 Executing VM operation: HandshakeAllThreads (Deoptimize)
Event: 7.875 Executing VM operation: HandshakeAllThreads (Deoptimize) done
Event: 7.881 Executing VM operation: HandshakeAllThreads (Deoptimize)
Event: 7.882 Executing VM operation: HandshakeAllThreads (Deoptimize) done
Event: 7.890 Executing VM operation: G1PauseRemark

Memory protections (0 events):
No events

Nmethod flushes (20 events):
Event: 7.892 Thread 0x0000022aebb90370 flushing  nmethod 0x0000022ad75b5990
Event: 7.892 Thread 0x0000022aebb90370 flushing  nmethod 0x0000022ad7610090
Event: 7.892 Thread 0x0000022aebb90370 flushing  nmethod 0x0000022ad7611890
Event: 7.892 Thread 0x0000022aebb90370 flushing  nmethod 0x0000022ad7612010
Event: 7.892 Thread 0x0000022aebb90370 flushing  nmethod 0x0000022ad7613690
Event: 7.892 Thread 0x0000022aebb90370 flushing  nmethod 0x0000022ad7678290
Event: 7.892 Thread 0x0000022aebb90370 flushing  nmethod 0x0000022ad767c210
Event: 7.892 Thread 0x0000022aebb90370 flushing  nmethod 0x0000022ad767c690
Event: 7.892 Thread 0x0000022aebb90370 flushing  nmethod 0x0000022ad767d390
Event: 7.892 Thread 0x0000022aebb90370 flushing  nmethod 0x0000022ad767e810
Event: 7.892 Thread 0x0000022aebb90370 flushing  nmethod 0x0000022ad77ced10
Event: 7.892 Thread 0x0000022aebb90370 flushing  nmethod 0x0000022ad77cf110
Event: 7.892 Thread 0x0000022aebb90370 flushing  nmethod 0x0000022ad77cf410
Event: 7.892 Thread 0x0000022aebb90370 flushing  nmethod 0x0000022ad77d5990
Event: 7.892 Thread 0x0000022aebb90370 flushing  nmethod 0x0000022ad7847990
Event: 7.892 Thread 0x0000022aebb90370 flushing  nmethod 0x0000022ad784d710
Event: 7.892 Thread 0x0000022aebb90370 flushing  nmethod 0x0000022ad784e610
Event: 7.892 Thread 0x0000022aebb90370 flushing  nmethod 0x0000022ad784ef10
Event: 7.892 Thread 0x0000022aebb90370 flushing  nmethod 0x0000022ad7850f90
Event: 7.892 Thread 0x0000022aebb90370 flushing  nmethod 0x0000022ad7a70f90

Events (20 events):
Event: 3.715 Thread 0x0000022af1a14f20 Thread added: 0x0000022af1bafc00
Event: 3.725 Thread 0x0000022af1bafc00 Thread added: 0x0000022af18e61b0
Event: 3.739 Thread 0x0000022af1bafc00 Thread added: 0x0000022af18e4770
Event: 3.745 Thread 0x0000022af1bafc00 Thread added: 0x0000022af18e6840
Event: 4.208 Thread 0x0000022af1bafc00 Thread added: 0x0000022af18e4e00
Event: 4.219 Thread 0x0000022af1bafc00 Thread added: 0x0000022af18e5490
Event: 4.257 Thread 0x0000022af1bafc00 Thread added: 0x0000022af18e3a50
Event: 4.578 Thread 0x0000022aebc15670 Thread added: 0x0000022af38b45e0
Event: 5.944 Thread 0x0000022af1bafc00 Thread added: 0x0000022af18e5b20
Event: 5.963 Thread 0x0000022af1bafc00 Thread added: 0x0000022af18e6ed0
Event: 6.158 Thread 0x0000022af1bafc00 Thread added: 0x0000022af316dad0
Event: 6.163 Thread 0x0000022af1bafc00 Thread added: 0x0000022af3171c70
Event: 6.291 Thread 0x0000022af1bafc00 Thread added: 0x0000022af316cdb0
Event: 6.291 Thread 0x0000022af1bafc00 Thread added: 0x0000022af316fba0
Event: 6.292 Thread 0x0000022af1bafc00 Thread added: 0x0000022af316f510
Event: 6.292 Thread 0x0000022af1bafc00 Thread added: 0x0000022af3172300
Event: 6.292 Thread 0x0000022af1bafc00 Thread added: 0x0000022af3172990
Event: 6.292 Thread 0x0000022af1bafc00 Thread added: 0x0000022af316ee80
Event: 6.292 Thread 0x0000022af1bafc00 Thread added: 0x0000022af316d440
Event: 6.292 Thread 0x0000022af1bafc00 Thread added: 0x0000022af316e160


Dynamic libraries:
0x00007ff698210000 - 0x00007ff69821a000 	C:\Program Files\Android\Android Studio\jbr\bin\java.exe
0x00007ffc94790000 - 0x00007ffc949a7000 	C:\WINDOWS\SYSTEM32\ntdll.dll
0x00007ffc93ba0000 - 0x00007ffc93c64000 	C:\WINDOWS\System32\KERNEL32.DLL
0x00007ffc91eb0000 - 0x00007ffc92280000 	C:\WINDOWS\System32\KERNELBASE.dll
0x00007ffc92300000 - 0x00007ffc92411000 	C:\WINDOWS\System32\ucrtbase.dll
0x00007ffc42430000 - 0x00007ffc4244b000 	C:\Program Files\Android\Android Studio\jbr\bin\VCRUNTIME140.dll
0x00007ffc8ad50000 - 0x00007ffc8ad68000 	C:\Program Files\Android\Android Studio\jbr\bin\jli.dll
0x00007ffc94580000 - 0x00007ffc94731000 	C:\WINDOWS\System32\USER32.dll
0x00007ffc91e80000 - 0x00007ffc91ea6000 	C:\WINDOWS\System32\win32u.dll
0x00007ffc7b7f0000 - 0x00007ffc7ba8c000 	C:\WINDOWS\WinSxS\amd64_microsoft.windows.common-controls_6595b64144ccf1df_6.0.22621.5840_none_2710ea077384a4fe\COMCTL32.dll
0x00007ffc93730000 - 0x00007ffc93759000 	C:\WINDOWS\System32\GDI32.dll
0x00007ffc94290000 - 0x00007ffc94337000 	C:\WINDOWS\System32\msvcrt.dll
0x00007ffc918c0000 - 0x00007ffc919e3000 	C:\WINDOWS\System32\gdi32full.dll
0x00007ffc91b60000 - 0x00007ffc91bfa000 	C:\WINDOWS\System32\msvcp_win.dll
0x00007ffc93b60000 - 0x00007ffc93b91000 	C:\WINDOWS\System32\IMM32.DLL
0x00007ffc61f40000 - 0x00007ffc61f4c000 	C:\Program Files\Android\Android Studio\jbr\bin\vcruntime140_1.dll
0x00007ffc75b10000 - 0x00007ffc75b9d000 	C:\Program Files\Android\Android Studio\jbr\bin\msvcp140.dll
0x00007ffc304b0000 - 0x00007ffc31146000 	C:\Program Files\Android\Android Studio\jbr\bin\server\jvm.dll
0x00007ffc941d0000 - 0x00007ffc94281000 	C:\WINDOWS\System32\ADVAPI32.dll
0x00007ffc93eb0000 - 0x00007ffc93f58000 	C:\WINDOWS\System32\sechost.dll
0x00007ffc91890000 - 0x00007ffc918b8000 	C:\WINDOWS\System32\bcrypt.dll
0x00007ffc93f80000 - 0x00007ffc94098000 	C:\WINDOWS\System32\RPCRT4.dll
0x00007ffc92420000 - 0x00007ffc92491000 	C:\WINDOWS\System32\WS2_32.dll
0x00007ffc90680000 - 0x00007ffc906cd000 	C:\WINDOWS\SYSTEM32\POWRPROF.dll
0x00007ffc887e0000 - 0x00007ffc887ea000 	C:\WINDOWS\SYSTEM32\VERSION.dll
0x00007ffc8cc30000 - 0x00007ffc8cc64000 	C:\WINDOWS\SYSTEM32\WINMM.dll
0x00007ffc90660000 - 0x00007ffc90673000 	C:\WINDOWS\SYSTEM32\UMPDC.dll
0x00007ffc90920000 - 0x00007ffc90938000 	C:\WINDOWS\SYSTEM32\kernel.appcore.dll
0x00007ffc612a0000 - 0x00007ffc612aa000 	C:\Program Files\Android\Android Studio\jbr\bin\jimage.dll
0x00007ffc8b440000 - 0x00007ffc8b673000 	C:\WINDOWS\SYSTEM32\DBGHELP.DLL
0x00007ffc924a0000 - 0x00007ffc92831000 	C:\WINDOWS\System32\combase.dll
0x00007ffc94340000 - 0x00007ffc94418000 	C:\WINDOWS\System32\OLEAUT32.dll
0x00007ffc79350000 - 0x00007ffc79382000 	C:\WINDOWS\SYSTEM32\dbgcore.DLL
0x00007ffc91e00000 - 0x00007ffc91e7b000 	C:\WINDOWS\System32\bcryptPrimitives.dll
0x00007ffc8ad40000 - 0x00007ffc8ad4e000 	C:\Program Files\Android\Android Studio\jbr\bin\instrument.dll
0x00007ffc42160000 - 0x00007ffc42180000 	C:\Program Files\Android\Android Studio\jbr\bin\java.dll
0x00007ffc3fa50000 - 0x00007ffc3fa68000 	C:\Program Files\Android\Android Studio\jbr\bin\zip.dll
0x00007ffc92a00000 - 0x00007ffc932a1000 	C:\WINDOWS\System32\SHELL32.dll
0x00007ffc91cc0000 - 0x00007ffc91dff000 	C:\WINDOWS\System32\wintypes.dll
0x00007ffc8f720000 - 0x00007ffc9003a000 	C:\WINDOWS\SYSTEM32\windows.storage.dll
0x00007ffc93c70000 - 0x00007ffc93d7a000 	C:\WINDOWS\System32\SHCORE.dll
0x00007ffc93db0000 - 0x00007ffc93e19000 	C:\WINDOWS\System32\shlwapi.dll
0x00007ffc917c0000 - 0x00007ffc917e5000 	C:\WINDOWS\SYSTEM32\profapi.dll
0x00007ffc5f730000 - 0x00007ffc5f740000 	C:\Program Files\Android\Android Studio\jbr\bin\net.dll
0x00007ffc8c4c0000 - 0x00007ffc8c5ec000 	C:\WINDOWS\SYSTEM32\WINHTTP.dll
0x00007ffc90e30000 - 0x00007ffc90e99000 	C:\WINDOWS\system32\mswsock.dll
0x00007ffc3edf0000 - 0x00007ffc3ee06000 	C:\Program Files\Android\Android Studio\jbr\bin\nio.dll
0x00007ffc56820000 - 0x00007ffc56830000 	C:\Program Files\Android\Android Studio\jbr\bin\verify.dll
0x00007ffc7df20000 - 0x00007ffc7df47000 	C:\Users\miche\.gradle\native\1def1411415f61bf3af743bc5b6707747c0891f09f0c88961ee8f79bc544acac\windows-amd64\native-platform.dll
0x00007ffc78400000 - 0x00007ffc78478000 	C:\Users\miche\.gradle\native\0.2.7\x86_64-windows-gnu\gradle-fileevents.dll
0x00007ffc5b5d0000 - 0x00007ffc5b5d9000 	C:\Program Files\Android\Android Studio\jbr\bin\management.dll
0x00007ffc57360000 - 0x00007ffc5736b000 	C:\Program Files\Android\Android Studio\jbr\bin\management_ext.dll
0x00007ffc94740000 - 0x00007ffc94748000 	C:\WINDOWS\System32\PSAPI.DLL
0x00007ffc90300000 - 0x00007ffc9032d000 	C:\WINDOWS\SYSTEM32\IPHLPAPI.DLL
0x00007ffc93e20000 - 0x00007ffc93e29000 	C:\WINDOWS\System32\NSI.dll
0x00007ffc5ec30000 - 0x00007ffc5ec39000 	C:\Program Files\Android\Android Studio\jbr\bin\extnet.dll
0x00007ffc91080000 - 0x00007ffc9109b000 	C:\WINDOWS\SYSTEM32\CRYPTSP.dll
0x00007ffc90880000 - 0x00007ffc908b7000 	C:\WINDOWS\system32\rsaenh.dll
0x00007ffc90f20000 - 0x00007ffc90f48000 	C:\WINDOWS\SYSTEM32\USERENV.dll
0x00007ffc910a0000 - 0x00007ffc910ac000 	C:\WINDOWS\SYSTEM32\CRYPTBASE.dll
0x00007ffc17b40000 - 0x00007ffc17b48000 	C:\WINDOWS\system32\wshunix.dll

JVMTI agents:
C:\Users\miche\.gradle\wrapper\dists\gradle-8.13-bin\5xuhj0ry160q40clulazy9h7d\gradle-8.13\lib\agents\gradle-instrumentation-agent-8.13.jar path:C:\Program Files\Android\Android Studio\jbr\bin\instrument.dll, loaded, initialized, instrumentlib options:none

dbghelp: loaded successfully - version: 4.0.5 - missing functions: none
symbol engine: initialized successfully - sym options: 0x614 - pdb path: .;C:\Program Files\Android\Android Studio\jbr\bin;C:\WINDOWS\SYSTEM32;C:\WINDOWS\WinSxS\amd64_microsoft.windows.common-controls_6595b64144ccf1df_6.0.22621.5840_none_2710ea077384a4fe;C:\Program Files\Android\Android Studio\jbr\bin\server;C:\Users\miche\.gradle\native\1def1411415f61bf3af743bc5b6707747c0891f09f0c88961ee8f79bc544acac\windows-amd64;C:\Users\miche\.gradle\native\0.2.7\x86_64-windows-gnu

VM Arguments:
jvm_args: --add-opens=java.base/java.lang=ALL-UNNAMED --add-opens=java.base/java.lang.invoke=ALL-UNNAMED --add-opens=java.base/java.util=ALL-UNNAMED --add-opens=java.prefs/java.util.prefs=ALL-UNNAMED --add-exports=jdk.compiler/com.sun.tools.javac.api=ALL-UNNAMED --add-exports=jdk.compiler/com.sun.tools.javac.util=ALL-UNNAMED --add-opens=java.base/java.util=ALL-UNNAMED --add-opens=java.prefs/java.util.prefs=ALL-UNNAMED --add-opens=java.base/java.nio.charset=ALL-UNNAMED --add-opens=java.base/java.net=ALL-UNNAMED --add-opens=java.base/java.util.concurrent.atomic=ALL-UNNAMED --add-opens=java.xml/javax.xml.namespace=ALL-UNNAMED -Xmx2048m -Dfile.encoding=UTF-8 -Duser.country=IE -Duser.language=en -Duser.variant -javaagent:C:\Users\miche\.gradle\wrapper\dists\gradle-8.13-bin\5xuhj0ry160q40clulazy9h7d\gradle-8.13\lib\agents\gradle-instrumentation-agent-8.13.jar 
java_command: org.gradle.launcher.daemon.bootstrap.GradleDaemon 8.13
java_class_path (initial): C:\Users\miche\.gradle\wrapper\dists\gradle-8.13-bin\5xuhj0ry160q40clulazy9h7d\gradle-8.13\lib\gradle-daemon-main-8.13.jar
Launcher Type: SUN_STANDARD

[Global flags]
     intx CICompilerCount                          = 4                                         {product} {ergonomic}
     uint ConcGCThreads                            = 2                                         {product} {ergonomic}
     uint G1ConcRefinementThreads                  = 8                                         {product} {ergonomic}
   size_t G1HeapRegionSize                         = 1048576                                   {product} {ergonomic}
    uintx GCDrainStackTargetSize                   = 64                                        {product} {ergonomic}
   size_t InitialHeapSize                          = 100663296                                 {product} {ergonomic}
   size_t MarkStackSize                            = 4194304                                   {product} {ergonomic}
   size_t MaxHeapSize                              = 2147483648                                {product} {command line}
   size_t MaxNewSize                               = 1287651328                                {product} {ergonomic}
   size_t MinHeapDeltaBytes                        = 1048576                                   {product} {ergonomic}
   size_t MinHeapSize                              = 8388608                                   {product} {ergonomic}
    uintx NonNMethodCodeHeapSize                   = 5839372                                {pd product} {ergonomic}
    uintx NonProfiledCodeHeapSize                  = 122909434                              {pd product} {ergonomic}
    uintx ProfiledCodeHeapSize                     = 122909434                              {pd product} {ergonomic}
    uintx ReservedCodeCacheSize                    = 251658240                              {pd product} {ergonomic}
     bool SegmentedCodeCache                       = true                                      {product} {ergonomic}
   size_t SoftMaxHeapSize                          = 2147483648                             {manageable} {ergonomic}
     bool UseCompressedOops                        = true                           {product lp64_product} {ergonomic}
     bool UseG1GC                                  = true                                      {product} {ergonomic}
     bool UseLargePagesIndividualAllocation        = false                                  {pd product} {ergonomic}

Logging:
Log output configuration:
 #0: stdout all=warning uptime,level,tags foldmultilines=false
 #1: stderr all=off uptime,level,tags foldmultilines=false

Environment Variables:
PATH=C:\Program Files (x86)\VMware\VMware Player\bin\;C:\Program Files\Common Files\Oracle\Java\javapath;C:\WINDOWS\system32;C:\WINDOWS;C:\WINDOWS\System32\Wbem;C:\WINDOWS\System32\WindowsPowerShell\v1.0\;C:\WINDOWS\System32\OpenSSH\;C:\Program Files\dotnet\;C:\Program Files\Git\cmd;C:\Program Files\PuTTY\;C:\Program Files (x86)\Gpg4win\..\GnuPG\bin;C:\Program Files (x86)\Windows Kits\10\Windows Performance Toolkit\;C:\Program Files\nodejs\;C:\MongoshFiles\mongosh-2.3.1-win32-x64\bin;C:\Program Files\MongoDB\Server\8.0\bin;C:\Program Files\MongoDB\Tools\100\bin;C:\Program Files\Go\bin;C:\Program Files\Amazon\AWSCLIV2\;C:\Program Files\Git LFS;C:\Program Files\MySQL\MySQL Shell 8.0\bin\;C:\Users\miche\AppData\Local\Microsoft\WindowsApps;C:\Program Files (x86)\Brackets\;C:\Users\miche\AppData\Roaming\npm;C:\Users\miche\AppData\Local\Programs\Microsoft VS Code\bin;C:\Users\miche\.dotnet\tools;C:\Users\miche\go\bin;C:\Users\miche\AppData\Local\Programs\CLion 2025.2.1\bin;C:\Users\miche\OneDrive\Desktop\platform-tools;
USERNAME=miche
OS=Windows_NT
PROCESSOR_IDENTIFIER=AMD64 Family 23 Model 24 Stepping 1, AuthenticAMD
TMP=C:\Users\miche\AppData\Local\Temp
TEMP=C:\Users\miche\AppData\Local\Temp




Periodic native trim disabled

JNI global refs:
JNI global refs: 26, weak refs: 0

JNI global refs memory usage: 835, weak refs: 833

Process memory usage:
Resident Set Size: 262848K (4% of 6174988K total physical memory with 523300K free physical memory)

OOME stack traces (most recent first):
Classloader memory used:
Loader org.gradle.internal.classloader.VisitableURLClassLoader                         : 21065K
Loader bootstrap                                                                       : 20409K
Loader org.gradle.initialization.MixInLegacyTypesClassLoader                           : 2857K
Loader org.gradle.internal.classloader.VisitableURLClassLoader                         : 727K
Loader jdk.internal.loader.ClassLoaders$PlatformClassLoader                            : 393K
Loader jdk.internal.loader.ClassLoaders$AppClassLoader                                 : 235K
Loader jdk.internal.reflect.DelegatingClassLoader                                      : 152K
Loader org.gradle.groovy.scripts.internal.DefaultScriptCompilationHandler$ScriptClassLoader: 6352B

Classes loaded by more than one classloader:
Class org.gradle.api.GradleException                                                  : loaded 3 times (x 82B)
Class org.gradle.internal.classloader.FilteringClassLoader                            : loaded 2 times (x 105B)
Class org.gradle.internal.classloader.ClassLoaderHierarchy                            : loaded 2 times (x 70B)
Class org.gradle.api.internal.classpath.ManifestUtil                                  : loaded 2 times (x 71B)
Class org.gradle.internal.operations.MultipleBuildOperationFailures                   : loaded 2 times (x 95B)
Class org.gradle.internal.classloader.DefaultClassLoaderFactory                       : loaded 2 times (x 82B)
Class org.gradle.internal.classloader.ClassLoaderVisitor                              : loaded 2 times (x 76B)
Class org.gradle.api.internal.classpath.EffectiveClassPath                            : loaded 2 times (x 90B)
Class org.gradle.api.internal.DefaultClassPathProvider                                : loaded 2 times (x 76B)
Class [Lorg.gradle.api.internal.ClassPathProvider;                                    : loaded 2 times (x 69B)
Class org.gradle.api.internal.ClassPathProvider                                       : loaded 2 times (x 70B)
Class org.gradle.internal.service.UnknownServiceException                             : loaded 2 times (x 83B)
Class org.gradle.internal.classpath.TransformedClassPath                              : loaded 2 times (x 96B)
Class org.gradle.internal.classloader.InstrumentingClassLoader                        : loaded 2 times (x 70B)
Class org.gradle.internal.service.ServiceLocator                                      : loaded 2 times (x 70B)
Class org.gradle.internal.InternalTransformer                                         : loaded 2 times (x 70B)
Class org.gradle.internal.time.DefaultTimer                                           : loaded 2 times (x 80B)
Class org.gradle.internal.classloader.ClasspathUtil$1                                 : loaded 2 times (x 76B)
Class org.gradle.api.internal.classpath.DefaultModuleRegistry$DefaultModule           : loaded 2 times (x 86B)
Class org.gradle.internal.time.DefaultCountdownTimer                                  : loaded 2 times (x 88B)
Class kotlin.Function                                                                 : loaded 2 times (x 70B)
Class org.gradle.api.internal.classpath.Module                                        : loaded 2 times (x 70B)
Class org.gradle.api.internal.classpath.UnknownModuleException                        : loaded 2 times (x 82B)
Class org.gradle.api.internal.DefaultClassPathRegistry                                : loaded 2 times (x 76B)
Class org.gradle.api.internal.ClassPathRegistry                                       : loaded 2 times (x 70B)
Class org.gradle.internal.classpath.DefaultClassPath$ImmutableUniqueList              : loaded 2 times (x 199B)
Class org.gradle.internal.classpath.ClassPath                                         : loaded 2 times (x 70B)
Class org.gradle.api.UncheckedIOException                                             : loaded 2 times (x 82B)
Class kotlin.UninitializedPropertyAccessException                                     : loaded 2 times (x 82B)
Class org.gradle.internal.installation.GradleInstallation$1                           : loaded 2 times (x 75B)
Class org.gradle.api.internal.classpath.ModuleRegistry                                : loaded 2 times (x 70B)
Class org.gradle.api.internal.classpath.DefaultModuleRegistry                         : loaded 2 times (x 86B)
Class org.gradle.internal.time.MonotonicClock                                         : loaded 2 times (x 77B)
Class org.gradle.internal.service.ServiceLookupException                              : loaded 2 times (x 82B)
Class org.gradle.internal.classloader.ClassLoaderFactory                              : loaded 2 times (x 70B)
Class org.gradle.internal.service.CachingServiceLocator                               : loaded 2 times (x 82B)
Class org.gradle.internal.time.TimeSource                                             : loaded 2 times (x 70B)
Class org.gradle.internal.exceptions.ResolutionProvider                               : loaded 2 times (x 70B)
Class org.gradle.internal.classloader.ClasspathUtil                                   : loaded 2 times (x 71B)
Class org.gradle.internal.time.TimeSource$1                                           : loaded 2 times (x 77B)
Class org.gradle.api.specs.Spec                                                       : loaded 2 times (x 70B)
Class org.gradle.internal.time.Clock                                                  : loaded 2 times (x 70B)
Class org.gradle.internal.classloader.VisitableURLClassLoader$InstrumentingVisitableURLClassLoader: loaded 2 times (x 123B)
Class org.gradle.internal.classloader.VisitableURLClassLoader$Spec                    : loaded 2 times (x 74B)
Class org.gradle.internal.classpath.DefaultClassPath                                  : loaded 2 times (x 90B)
Class org.gradle.internal.classloader.ClassLoaderSpec                                 : loaded 2 times (x 71B)
Class org.gradle.internal.classloader.VisitableURLClassLoader                         : loaded 2 times (x 117B)
Class org.gradle.internal.Cast                                                        : loaded 2 times (x 71B)
Class org.gradle.api.Action                                                           : loaded 2 times (x 70B)
Class kotlin.jvm.functions.Function1                                                  : loaded 2 times (x 70B)
Class org.gradle.internal.classpath.DefaultClassPath$ImmutableUniqueList$Builder      : loaded 2 times (x 75B)
Class kotlin.NotImplementedError                                                      : loaded 2 times (x 82B)
Class org.gradle.internal.exceptions.NonGradleCauseExceptionsHolder                   : loaded 2 times (x 70B)
Class org.gradle.internal.IoActions                                                   : loaded 2 times (x 71B)
Class org.gradle.internal.classloader.SystemClassLoaderSpec                           : loaded 2 times (x 71B)
Class org.gradle.internal.exceptions.MultiCauseException                              : loaded 2 times (x 70B)
Class org.gradle.internal.time.CountdownTimer                                         : loaded 2 times (x 70B)
Class kotlin.jvm.internal.Intrinsics                                                  : loaded 2 times (x 71B)
Class org.gradle.tooling.model.ProjectModel                                           : loaded 2 times (x 70B)
Class kotlin.KotlinNullPointerException                                               : loaded 2 times (x 83B)
Class org.gradle.internal.exceptions.DefaultMultiCauseException                       : loaded 2 times (x 95B)
Class org.gradle.internal.time.Time                                                   : loaded 2 times (x 71B)
Class org.gradle.api.internal.classpath.GlobalCacheRootsProvider                      : loaded 2 times (x 70B)
Class org.gradle.internal.time.Timer                                                  : loaded 2 times (x 70B)
Class org.gradle.internal.installation.CurrentGradleInstallationLocator               : loaded 2 times (x 71B)
Class org.gradle.internal.service.DefaultServiceLocator                               : loaded 2 times (x 83B)
Class org.gradle.util.GradleVersion                                                   : loaded 2 times (x 79B)
Class org.gradle.internal.installation.CurrentGradleInstallation                      : loaded 2 times (x 73B)
Class org.gradle.util.internal.GUtil                                                  : loaded 2 times (x 71B)
Class org.gradle.internal.installation.GradleInstallation                             : loaded 2 times (x 75B)

---------------  S Y S T E M  ---------------

OS:
 Windows 11 , 64 bit Build 22621 (10.0.22621.5415)
OS uptime: 0 days 11:19 hours
Hyper-V role detected

CPU: total 8 (initial active 8) (8 cores per cpu, 2 threads per core) family 23 model 24 stepping 1 microcode 0x0, cx8, cmov, fxsr, ht, mmx, 3dnowpref, sse, sse2, sse3, ssse3, sse4a, sse4.1, sse4.2, popcnt, lzcnt, tsc, tscinvbit, avx, avx2, aes, clmul, bmi1, bmi2, adx, sha, fma, vzeroupper, clflush, clflushopt, hv, rdtscp, f16c
Processor Information for the first 8 processors :
  Max Mhz: 2100, Current Mhz: 2100, Mhz Limit: 2100

Memory: 4k page, system-wide physical 6030M (510M free)
TotalPageFile size 24462M (AvailPageFile size 11M)
current process WorkingSet (physical memory assigned to process): 256M, peak: 260M
current process commit charge ("private bytes"): 298M, peak: 310M

vm_info: OpenJDK 64-Bit Server VM (21.0.8+-14018985-b1038.68) for windows-amd64 JRE (21.0.8+-14018985-b1038.68), built on 2025-08-29T19:56:34Z by "builder" with MS VC++ 16.10 / 16.11 (VS2019)

END.
